# JRE version: OpenJDK Runtime Environment (17.0.10) (build 17.0.10+0--11609105)
# Java VM: OpenJDK 64-Bit Server VM (17.0.10+0--11609105, mixed mode, tiered, compressed oops, compressed class ptrs, g1 gc, windows-amd64)
GC Precious Log:
 CPUs: 12 total, 10 available
 Memory: 7885M
 Large Page Support: Disabled
 NUMA Support: Disabled
 Compressed Oops: Enabled (32-bit)
 Heap Region Size: 1M
 Heap Min Capacity: 8M
 Heap Initial Capacity: 124M
 Heap Max Capacity: 2G
 Pre-touch: Disabled
 Parallel Workers: 9
 Concurrent Workers: 2
 Concurrent Refinement Workers: 9
 Periodic GC: Disabled
Heap:
 garbage-first heap   total 268288K, used 128526K [0x0000000080000000, 0x0000000100000000)
  region size 1024K, 1 young (1024K), 1 survivors (1024K)
 Metaspace       used 113574K, committed 114432K, reserved 1179648K
  class space    used 15325K, committed 15744K, reserved 1048576K
GC Heap History (20 events):
Event: 27.293 GC heap after
{Heap after GC invocations=36 (full 0):
 garbage-first heap   total 219136K, used 106620K [0x0000000080000000, 0x0000000100000000)
  region size 1024K, 6 young (6144K), 6 survivors (6144K)
 Metaspace       used 105865K, committed 106624K, reserved 1179648K
  class space    used 14553K, committed 14912K, reserved 1048576K
}
Event: 27.415 GC heap before
{Heap before GC invocations=36 (full 0):
 garbage-first heap   total 219136K, used 110716K [0x0000000080000000, 0x0000000100000000)
  region size 1024K, 10 young (10240K), 6 survivors (6144K)
 Metaspace       used 105865K, committed 106624K, reserved 1179648K
  class space    used 14553K, committed 14912K, reserved 1048576K
}
Event: 27.421 GC heap after
{Heap after GC invocations=37 (full 0):
 garbage-first heap   total 219136K, used 106086K [0x0000000080000000, 0x0000000100000000)
  region size 1024K, 2 young (2048K), 2 survivors (2048K)
 Metaspace       used 105865K, committed 106624K, reserved 1179648K
  class space    used 14553K, committed 14912K, reserved 1048576K
}
Event: 29.965 GC heap before
{Heap before GC invocations=37 (full 0):
 garbage-first heap   total 219136K, used 176742K [0x0000000080000000, 0x0000000100000000)
  region size 1024K, 72 young (73728K), 2 survivors (2048K)
 Metaspace       used 108553K, committed 109312K, reserved 1179648K
  class space    used 14895K, committed 15296K, reserved 1048576K
}
Event: 29.970 GC heap after
{Heap after GC invocations=38 (full 0):
 garbage-first heap   total 219136K, used 111441K [0x0000000080000000, 0x0000000100000000)
  region size 1024K, 8 young (8192K), 8 survivors (8192K)
 Metaspace       used 108553K, committed 109312K, reserved 1179648K
  class space    used 14895K, committed 15296K, reserved 1048576K
}
Event: 31.186 GC heap before
{Heap before GC invocations=39 (full 0):
 garbage-first heap   total 219136K, used 193361K [0x0000000080000000, 0x0000000100000000)
  region size 1024K, 72 young (73728K), 8 survivors (8192K)
 Metaspace       used 109143K, committed 110016K, reserved 1179648K
  class space    used 14933K, committed 15360K, reserved 1048576K
}
Event: 31.227 GC heap after
{Heap after GC invocations=40 (full 0):
 garbage-first heap   total 227328K, used 137270K [0x0000000080000000, 0x0000000100000000)
  region size 1024K, 9 young (9216K), 9 survivors (9216K)
 Metaspace       used 109143K, committed 110016K, reserved 1179648K
  class space    used 14933K, committed 15360K, reserved 1048576K
}
Event: 31.340 GC heap before
{Heap before GC invocations=40 (full 0):
 garbage-first heap   total 227328K, used 138294K [0x0000000080000000, 0x0000000100000000)
  region size 1024K, 11 young (11264K), 9 survivors (9216K)
 Metaspace       used 109149K, committed 110016K, reserved 1179648K
  class space    used 14933K, committed 15360K, reserved 1048576K
}
Event: 31.357 GC heap after
{Heap after GC invocations=41 (full 0):
 garbage-first heap   total 227328K, used 136221K [0x0000000080000000, 0x0000000100000000)
  region size 1024K, 1 young (1024K), 1 survivors (1024K)
 Metaspace       used 109149K, committed 110016K, reserved 1179648K
  class space    used 14933K, committed 15360K, reserved 1048576K
}
Event: 32.525 GC heap before
{Heap before GC invocations=41 (full 0):
 garbage-first heap   total 227328K, used 195613K [0x0000000080000000, 0x0000000100000000)
  region size 1024K, 43 young (44032K), 1 survivors (1024K)
 Metaspace       used 109615K, committed 110528K, reserved 1179648K
  class space    used 14967K, committed 15424K, reserved 1048576K
}
Event: 32.530 GC heap after
{Heap after GC invocations=42 (full 0):
 garbage-first heap   total 227328K, used 139596K [0x0000000080000000, 0x0000000100000000)
  region size 1024K, 4 young (4096K), 4 survivors (4096K)
 Metaspace       used 109615K, committed 110528K, reserved 1179648K
  class space    used 14967K, committed 15424K, reserved 1048576K
}
Event: 32.629 GC heap before
{Heap before GC invocations=42 (full 0):
 garbage-first heap   total 227328K, used 181580K [0x0000000080000000, 0x0000000100000000)
  region size 1024K, 46 young (47104K), 4 survivors (4096K)
 Metaspace       used 110383K, committed 111232K, reserved 1179648K
  class space    used 15041K, committed 15424K, reserved 1048576K
}
Event: 32.634 GC heap after
{Heap after GC invocations=43 (full 0):
 garbage-first heap   total 227328K, used 147215K [0x0000000080000000, 0x0000000100000000)
  region size 1024K, 6 young (6144K), 6 survivors (6144K)
 Metaspace       used 110383K, committed 111232K, reserved 1179648K
  class space    used 15041K, committed 15424K, reserved 1048576K
}
Event: 32.863 GC heap before
{Heap before GC invocations=43 (full 0):
 garbage-first heap   total 227328K, used 184079K [0x0000000080000000, 0x0000000100000000)
  region size 1024K, 43 young (44032K), 6 survivors (6144K)
 Metaspace       used 112819K, committed 113664K, reserved 1179648K
  class space    used 15269K, committed 15680K, reserved 1048576K
}
Event: 32.867 GC heap after
{Heap after GC invocations=44 (full 0):
 garbage-first heap   total 227328K, used 152410K [0x0000000080000000, 0x0000000100000000)
  region size 1024K, 5 young (5120K), 5 survivors (5120K)
 Metaspace       used 112819K, committed 113664K, reserved 1179648K
  class space    used 15269K, committed 15680K, reserved 1048576K
}
Event: 32.982 GC heap before
{Heap before GC invocations=44 (full 0):
 garbage-first heap   total 227328K, used 187226K [0x0000000080000000, 0x0000000100000000)
  region size 1024K, 39 young (39936K), 5 survivors (5120K)
 Metaspace       used 112961K, committed 113856K, reserved 1179648K
  class space    used 15271K, committed 15680K, reserved 1048576K
}
Event: 32.985 GC heap after
{Heap after GC invocations=45 (full 0):
 garbage-first heap   total 227328K, used 154339K [0x0000000080000000, 0x0000000100000000)
  region size 1024K, 3 young (3072K), 3 survivors (3072K)
 Metaspace       used 112961K, committed 113856K, reserved 1179648K
  class space    used 15271K, committed 15680K, reserved 1048576K
}
Event: 33.130 GC heap before
{Heap before GC invocations=46 (full 0):
 garbage-first heap   total 268288K, used 169699K [0x0000000080000000, 0x0000000100000000)
  region size 1024K, 37 young (37888K), 3 survivors (3072K)
 Metaspace       used 113503K, committed 114368K, reserved 1179648K
  class space    used 15318K, committed 15744K, reserved 1048576K
}
Event: 33.134 GC heap after
{Heap after GC invocations=47 (full 0):
 garbage-first heap   total 268288K, used 136142K [0x0000000080000000, 0x0000000100000000)
  region size 1024K, 3 young (3072K), 3 survivors (3072K)
 Metaspace       used 113503K, committed 114368K, reserved 1179648K
  class space    used 15318K, committed 15744K, reserved 1048576K
}
Event: 33.165 GC heap before
{Heap before GC invocations=47 (full 0):
 garbage-first heap   total 268288K, used 145358K [0x0000000080000000, 0x0000000100000000)
  region size 1024K, 13 young (13312K), 3 survivors (3072K)
 Metaspace       used 113574K, committed 114432K, reserved 1179648K
  class space    used 15325K, committed 15744K, reserved 1048576K
}

