# JRE version: OpenJDK Runtime Environment (17.0.10) (build 17.0.10+0--11609105)
# Java VM: OpenJDK 64-Bit Server VM (17.0.10+0--11609105, mixed mode, tiered, compressed oops, compressed class ptrs, g1 gc, windows-amd64)
GC Precious Log:
 CPUs: 12 total, 12 available
 Memory: 7885M
 Large Page Support: Disabled
 NUMA Support: Disabled
 Compressed Oops: Enabled (32-bit)
 Heap Region Size: 1M
 Heap Min Capacity: 8M
 Heap Initial Capacity: 124M
 Heap Max Capacity: 1972M
 Pre-touch: Disabled
 Parallel Workers: 10
 Concurrent Workers: 3
 Concurrent Refinement Workers: 10
 Periodic GC: Disabled
Heap:
 garbage-first heap   total 195584K, used 118127K [0x0000000084c00000, 0x0000000100000000)
  region size 1024K, 6 young (6144K), 6 survivors (6144K)
 Metaspace       used 78741K, committed 79040K, reserved 1179648K
  class space    used 8553K, committed 8704K, reserved 1048576K
GC Heap History (20 events):
Event: 13.400 GC heap after
{Heap after GC invocations=29 (full 0):
 garbage-first heap   total 184320K, used 52383K [0x0000000084c00000, 0x0000000100000000)
  region size 1024K, 1 young (1024K), 1 survivors (1024K)
 Metaspace       used 54054K, committed 54272K, reserved 1114112K
  class space    used 6326K, committed 6400K, reserved 1048576K
}
Event: 13.982 GC heap before
{Heap before GC invocations=29 (full 0):
 garbage-first heap   total 184320K, used 142495K [0x0000000084c00000, 0x0000000100000000)
  region size 1024K, 89 young (91136K), 1 survivors (1024K)
 Metaspace       used 54709K, committed 54912K, reserved 1114112K
  class space    used 6409K, committed 6528K, reserved 1048576K
}
Event: 13.987 GC heap after
{Heap after GC invocations=30 (full 0):
 garbage-first heap   total 184320K, used 52534K [0x0000000084c00000, 0x0000000100000000)
  region size 1024K, 2 young (2048K), 2 survivors (2048K)
 Metaspace       used 54709K, committed 54912K, reserved 1114112K
  class space    used 6409K, committed 6528K, reserved 1048576K
}
Event: 18.103 GC heap before
{Heap before GC invocations=30 (full 0):
 garbage-first heap   total 184320K, used 152886K [0x0000000084c00000, 0x0000000100000000)
  region size 1024K, 99 young (101376K), 2 survivors (2048K)
 Metaspace       used 59020K, committed 59264K, reserved 1114112K
  class space    used 6717K, committed 6848K, reserved 1048576K
}
Event: 18.124 GC heap after
{Heap after GC invocations=31 (full 0):
 garbage-first heap   total 184320K, used 64292K [0x0000000084c00000, 0x0000000100000000)
  region size 1024K, 13 young (13312K), 13 survivors (13312K)
 Metaspace       used 59020K, committed 59264K, reserved 1114112K
  class space    used 6717K, committed 6848K, reserved 1048576K
}
Event: 21.306 GC heap before
{Heap before GC invocations=31 (full 0):
 garbage-first heap   total 184320K, used 147236K [0x0000000084c00000, 0x0000000100000000)
  region size 1024K, 92 young (94208K), 13 survivors (13312K)
 Metaspace       used 60838K, committed 61120K, reserved 1114112K
  class space    used 6829K, committed 6976K, reserved 1048576K
}
Event: 21.338 GC heap after
{Heap after GC invocations=32 (full 0):
 garbage-first heap   total 184320K, used 75336K [0x0000000084c00000, 0x0000000100000000)
  region size 1024K, 9 young (9216K), 9 survivors (9216K)
 Metaspace       used 60838K, committed 61120K, reserved 1114112K
  class space    used 6829K, committed 6976K, reserved 1048576K
}
Event: 23.865 GC heap before
{Heap before GC invocations=32 (full 0):
 garbage-first heap   total 184320K, used 147016K [0x0000000084c00000, 0x0000000100000000)
  region size 1024K, 79 young (80896K), 9 survivors (9216K)
 Metaspace       used 62164K, committed 62400K, reserved 1114112K
  class space    used 6925K, committed 7040K, reserved 1048576K
}
Event: 23.886 GC heap after
{Heap after GC invocations=33 (full 0):
 garbage-first heap   total 184320K, used 81715K [0x0000000084c00000, 0x0000000100000000)
  region size 1024K, 7 young (7168K), 7 survivors (7168K)
 Metaspace       used 62164K, committed 62400K, reserved 1114112K
  class space    used 6925K, committed 7040K, reserved 1048576K
}
Event: 25.783 GC heap before
{Heap before GC invocations=33 (full 0):
 garbage-first heap   total 184320K, used 148275K [0x0000000084c00000, 0x0000000100000000)
  region size 1024K, 72 young (73728K), 7 survivors (7168K)
 Metaspace       used 62527K, committed 62784K, reserved 1114112K
  class space    used 6936K, committed 7040K, reserved 1048576K
}
Event: 25.802 GC heap after
{Heap after GC invocations=34 (full 0):
 garbage-first heap   total 184320K, used 88064K [0x0000000084c00000, 0x0000000100000000)
  region size 1024K, 6 young (6144K), 6 survivors (6144K)
 Metaspace       used 62527K, committed 62784K, reserved 1114112K
  class space    used 6936K, committed 7040K, reserved 1048576K
}
Event: 27.212 GC heap before
{Heap before GC invocations=34 (full 0):
 garbage-first heap   total 184320K, used 150528K [0x0000000084c00000, 0x0000000100000000)
  region size 1024K, 67 young (68608K), 6 survivors (6144K)
 Metaspace       used 68050K, committed 68416K, reserved 1114112K
  class space    used 7497K, committed 7680K, reserved 1048576K
}
Event: 27.224 GC heap after
{Heap after GC invocations=35 (full 0):
 garbage-first heap   total 184320K, used 90797K [0x0000000084c00000, 0x0000000100000000)
  region size 1024K, 3 young (3072K), 3 survivors (3072K)
 Metaspace       used 68050K, committed 68416K, reserved 1114112K
  class space    used 7497K, committed 7680K, reserved 1048576K
}
Event: 28.383 GC heap before
{Heap before GC invocations=35 (full 0):
 garbage-first heap   total 184320K, used 152237K [0x0000000084c00000, 0x0000000100000000)
  region size 1024K, 63 young (64512K), 3 survivors (3072K)
 Metaspace       used 69221K, committed 69568K, reserved 1114112K
  class space    used 7559K, committed 7744K, reserved 1048576K
}
Event: 28.403 GC heap after
{Heap after GC invocations=36 (full 0):
 garbage-first heap   total 184320K, used 100632K [0x0000000084c00000, 0x0000000100000000)
  region size 1024K, 8 young (8192K), 8 survivors (8192K)
 Metaspace       used 69221K, committed 69568K, reserved 1114112K
  class space    used 7559K, committed 7744K, reserved 1048576K
}
Event: 28.889 GC heap before
{Heap before GC invocations=36 (full 0):
 garbage-first heap   total 184320K, used 149784K [0x0000000084c00000, 0x0000000100000000)
  region size 1024K, 56 young (57344K), 8 survivors (8192K)
 Metaspace       used 69332K, committed 69696K, reserved 1114112K
  class space    used 7566K, committed 7744K, reserved 1048576K
}
Event: 28.913 GC heap after
{Heap after GC invocations=37 (full 0):
 garbage-first heap   total 184320K, used 110024K [0x0000000084c00000, 0x0000000100000000)
  region size 1024K, 7 young (7168K), 7 survivors (7168K)
 Metaspace       used 69332K, committed 69696K, reserved 1114112K
  class space    used 7566K, committed 7744K, reserved 1048576K
}
Event: 29.905 GC heap before
{Heap before GC invocations=37 (full 0):
 garbage-first heap   total 184320K, used 149960K [0x0000000084c00000, 0x0000000100000000)
  region size 1024K, 46 young (47104K), 7 survivors (7168K)
 Metaspace       used 74009K, committed 74368K, reserved 1179648K
  class space    used 8037K, committed 8192K, reserved 1048576K
}
Event: 29.920 GC heap after
{Heap after GC invocations=38 (full 0):
 garbage-first heap   total 184320K, used 113624K [0x0000000084c00000, 0x0000000100000000)
  region size 1024K, 3 young (3072K), 3 survivors (3072K)
 Metaspace       used 74009K, committed 74368K, reserved 1179648K
  class space    used 8037K, committed 8192K, reserved 1048576K
}
Event: 30.849 GC heap before
{Heap before GC invocations=38 (full 0):
 garbage-first heap   total 184320K, used 152536K [0x0000000084c00000, 0x0000000100000000)
  region size 1024K, 41 young (41984K), 3 survivors (3072K)
 Metaspace       used 78741K, committed 79040K, reserved 1179648K
  class space    used 8553K, committed 8704K, reserved 1048576K
}

