# JRE version: OpenJDK Runtime Environment (17.0.10) (build 17.0.10+0--11609105)
# Java VM: OpenJDK 64-Bit Server VM (17.0.10+0--11609105, mixed mode, tiered, compressed oops, compressed class ptrs, g1 gc, windows-amd64)
GC Precious Log:
 CPUs: 12 total, 8 available
 Memory: 7885M
 Large Page Support: Disabled
 NUMA Support: Disabled
 Compressed Oops: Enabled (32-bit)
 Heap Region Size: 1M
 Heap Min Capacity: 8M
 Heap Initial Capacity: 124M
 Heap Max Capacity: 2G
 Pre-touch: Disabled
 Parallel Workers: 8
 Concurrent Workers: 2
 Concurrent Refinement Workers: 8
 Periodic GC: Disabled
Heap:
 garbage-first heap   total 108544K, used 84356K [0x0000000080000000, 0x0000000100000000)
  region size 1024K, 35 young (35840K), 1 survivors (1024K)
 Metaspace       used 49635K, committed 50048K, reserved 1114112K
  class space    used 6708K, committed 6912K, reserved 1048576K
GC Heap History (20 events):
Event: 4.651 GC heap before
{Heap before GC invocations=5 (full 0):
 garbage-first heap   total 68608K, used 48369K [0x0000000080000000, 0x0000000100000000)
  region size 1024K, 29 young (29696K), 2 survivors (2048K)
 Metaspace       used 29988K, committed 30272K, reserved 1114112K
  class space    used 3996K, committed 4160K, reserved 1048576K
}
Event: 4.655 GC heap after
{Heap after GC invocations=6 (full 0):
 garbage-first heap   total 68608K, used 22282K [0x0000000080000000, 0x0000000100000000)
  region size 1024K, 4 young (4096K), 4 survivors (4096K)
 Metaspace       used 29988K, committed 30272K, reserved 1114112K
  class space    used 3996K, committed 4160K, reserved 1048576K
}
Event: 5.131 GC heap before
{Heap before GC invocations=6 (full 0):
 garbage-first heap   total 68608K, used 47882K [0x0000000080000000, 0x0000000100000000)
  region size 1024K, 20 young (20480K), 4 survivors (4096K)
 Metaspace       used 31766K, committed 32128K, reserved 1114112K
  class space    used 4319K, committed 4480K, reserved 1048576K
}
Event: 5.139 GC heap after
{Heap after GC invocations=7 (full 0):
 garbage-first heap   total 68608K, used 38035K [0x0000000080000000, 0x0000000100000000)
  region size 1024K, 4 young (4096K), 4 survivors (4096K)
 Metaspace       used 31766K, committed 32128K, reserved 1114112K
  class space    used 4319K, committed 4480K, reserved 1048576K
}
Event: 5.385 GC heap before
{Heap before GC invocations=8 (full 0):
 garbage-first heap   total 68608K, used 53395K [0x0000000080000000, 0x0000000100000000)
  region size 1024K, 18 young (18432K), 4 survivors (4096K)
 Metaspace       used 33655K, committed 34048K, reserved 1114112K
  class space    used 4606K, committed 4800K, reserved 1048576K
}
Event: 5.392 GC heap after
{Heap after GC invocations=9 (full 0):
 garbage-first heap   total 68608K, used 39067K [0x0000000080000000, 0x0000000100000000)
  region size 1024K, 1 young (1024K), 1 survivors (1024K)
 Metaspace       used 33655K, committed 34048K, reserved 1114112K
  class space    used 4606K, committed 4800K, reserved 1048576K
}
Event: 5.624 GC heap before
{Heap before GC invocations=9 (full 0):
 garbage-first heap   total 68608K, used 52379K [0x0000000080000000, 0x0000000100000000)
  region size 1024K, 15 young (15360K), 1 survivors (1024K)
 Metaspace       used 35286K, committed 35648K, reserved 1114112K
  class space    used 4889K, committed 5056K, reserved 1048576K
}
Event: 5.626 GC heap after
{Heap after GC invocations=10 (full 0):
 garbage-first heap   total 82944K, used 39699K [0x0000000080000000, 0x0000000100000000)
  region size 1024K, 2 young (2048K), 2 survivors (2048K)
 Metaspace       used 35286K, committed 35648K, reserved 1114112K
  class space    used 4889K, committed 5056K, reserved 1048576K
}
Event: 6.073 GC heap before
{Heap before GC invocations=11 (full 0):
 garbage-first heap   total 82944K, used 62227K [0x0000000080000000, 0x0000000100000000)
  region size 1024K, 25 young (25600K), 2 survivors (2048K)
 Metaspace       used 38794K, committed 39232K, reserved 1114112K
  class space    used 5444K, committed 5632K, reserved 1048576K
}
Event: 6.102 GC heap after
{Heap after GC invocations=12 (full 0):
 garbage-first heap   total 82944K, used 40735K [0x0000000080000000, 0x0000000100000000)
  region size 1024K, 3 young (3072K), 3 survivors (3072K)
 Metaspace       used 38794K, committed 39232K, reserved 1114112K
  class space    used 5444K, committed 5632K, reserved 1048576K
}
Event: 6.740 GC heap before
{Heap before GC invocations=12 (full 0):
 garbage-first heap   total 82944K, used 64287K [0x0000000080000000, 0x0000000100000000)
  region size 1024K, 27 young (27648K), 3 survivors (3072K)
 Metaspace       used 44317K, committed 44736K, reserved 1114112K
  class space    used 6002K, committed 6208K, reserved 1048576K
}
Event: 6.744 GC heap after
{Heap after GC invocations=13 (full 0):
 garbage-first heap   total 82944K, used 44184K [0x0000000080000000, 0x0000000100000000)
  region size 1024K, 4 young (4096K), 4 survivors (4096K)
 Metaspace       used 44317K, committed 44736K, reserved 1114112K
  class space    used 6002K, committed 6208K, reserved 1048576K
}
Event: 6.876 GC heap before
{Heap before GC invocations=14 (full 0):
 garbage-first heap   total 82944K, used 64664K [0x0000000080000000, 0x0000000100000000)
  region size 1024K, 24 young (24576K), 4 survivors (4096K)
 Metaspace       used 44829K, committed 45248K, reserved 1114112K
  class space    used 6057K, committed 6272K, reserved 1048576K
}
Event: 6.880 GC heap after
{Heap after GC invocations=15 (full 0):
 garbage-first heap   total 82944K, used 46204K [0x0000000080000000, 0x0000000100000000)
  region size 1024K, 2 young (2048K), 2 survivors (2048K)
 Metaspace       used 44829K, committed 45248K, reserved 1114112K
  class space    used 6057K, committed 6272K, reserved 1048576K
}
Event: 6.900 GC heap before
{Heap before GC invocations=15 (full 0):
 garbage-first heap   total 82944K, used 47228K [0x0000000080000000, 0x0000000100000000)
  region size 1024K, 5 young (5120K), 2 survivors (2048K)
 Metaspace       used 44972K, committed 45440K, reserved 1114112K
  class space    used 6065K, committed 6272K, reserved 1048576K
}
Event: 6.902 GC heap after
{Heap after GC invocations=16 (full 0):
 garbage-first heap   total 108544K, used 47020K [0x0000000080000000, 0x0000000100000000)
  region size 1024K, 1 young (1024K), 1 survivors (1024K)
 Metaspace       used 44972K, committed 45440K, reserved 1114112K
  class space    used 6065K, committed 6272K, reserved 1048576K
}
Event: 6.904 GC heap before
{Heap before GC invocations=16 (full 0):
 garbage-first heap   total 108544K, used 48044K [0x0000000080000000, 0x0000000100000000)
  region size 1024K, 2 young (2048K), 1 survivors (1024K)
 Metaspace       used 44972K, committed 45440K, reserved 1114112K
  class space    used 6065K, committed 6272K, reserved 1048576K
}
Event: 6.905 GC heap after
{Heap after GC invocations=17 (full 0):
 garbage-first heap   total 108544K, used 47482K [0x0000000080000000, 0x0000000100000000)
  region size 1024K, 1 young (1024K), 1 survivors (1024K)
 Metaspace       used 44972K, committed 45440K, reserved 1114112K
  class space    used 6065K, committed 6272K, reserved 1048576K
}
Event: 6.906 GC heap before
{Heap before GC invocations=17 (full 0):
 garbage-first heap   total 108544K, used 49530K [0x0000000080000000, 0x0000000100000000)
  region size 1024K, 2 young (2048K), 1 survivors (1024K)
 Metaspace       used 44972K, committed 45440K, reserved 1114112K
  class space    used 6065K, committed 6272K, reserved 1048576K
}
Event: 6.907 GC heap after
{Heap after GC invocations=18 (full 0):
 garbage-first heap   total 108544K, used 48516K [0x0000000080000000, 0x0000000100000000)
  region size 1024K, 1 young (1024K), 1 survivors (1024K)
 Metaspace       used 44972K, committed 45440K, reserved 1114112K
  class space    used 6065K, committed 6272K, reserved 1048576K
}

