# JRE version: OpenJDK Runtime Environment (17.0.10) (build 17.0.10+0--11609105)
# Java VM: OpenJDK 64-Bit Server VM (17.0.10+0--11609105, mixed mode, tiered, compressed oops, compressed class ptrs, g1 gc, windows-amd64)
GC Precious Log:
 CPUs: 12 total, 10 available
 Memory: 7885M
 Large Page Support: Disabled
 NUMA Support: Disabled
 Compressed Oops: Enabled (32-bit)
 Heap Region Size: 1M
 Heap Min Capacity: 8M
 Heap Initial Capacity: 124M
 Heap Max Capacity: 2G
 Pre-touch: Disabled
 Parallel Workers: 9
 Concurrent Workers: 2
 Concurrent Refinement Workers: 9
 Periodic GC: Disabled
Heap:
 garbage-first heap   total 168960K, used 110476K [0x0000000080000000, 0x0000000100000000)
  region size 1024K, 4 young (4096K), 4 survivors (4096K)
 Metaspace       used 80086K, committed 80832K, reserved 1179648K
  class space    used 11247K, committed 11584K, reserved 1048576K
GC Heap History (20 events):
Event: 13.642 GC heap after
{Heap after GC invocations=33 (full 0):
 garbage-first heap   total 124928K, used 73282K [0x0000000080000000, 0x0000000100000000)
  region size 1024K, 1 young (1024K), 1 survivors (1024K)
 Metaspace       used 60440K, committed 61120K, reserved 1114112K
  class space    used 8305K, committed 8576K, reserved 1048576K
}
Event: 14.888 GC heap before
{Heap before GC invocations=33 (full 0):
 garbage-first heap   total 124928K, used 96834K [0x0000000080000000, 0x0000000100000000)
  region size 1024K, 25 young (25600K), 1 survivors (1024K)
 Metaspace       used 61545K, committed 62208K, reserved 1114112K
  class space    used 8422K, committed 8704K, reserved 1048576K
}
Event: 14.904 GC heap after
{Heap after GC invocations=34 (full 0):
 garbage-first heap   total 161792K, used 76888K [0x0000000080000000, 0x0000000100000000)
  region size 1024K, 4 young (4096K), 4 survivors (4096K)
 Metaspace       used 61545K, committed 62208K, reserved 1114112K
  class space    used 8422K, committed 8704K, reserved 1048576K
}
Event: 15.983 GC heap before
{Heap before GC invocations=35 (full 0):
 garbage-first heap   total 161792K, used 122968K [0x0000000080000000, 0x0000000100000000)
  region size 1024K, 50 young (51200K), 4 survivors (4096K)
 Metaspace       used 63629K, committed 64320K, reserved 1114112K
  class space    used 8698K, committed 9024K, reserved 1048576K
}
Event: 15.992 GC heap after
{Heap after GC invocations=36 (full 0):
 garbage-first heap   total 161792K, used 79979K [0x0000000080000000, 0x0000000100000000)
  region size 1024K, 7 young (7168K), 7 survivors (7168K)
 Metaspace       used 63629K, committed 64320K, reserved 1114112K
  class space    used 8698K, committed 9024K, reserved 1048576K
}
Event: 16.020 GC heap before
{Heap before GC invocations=36 (full 0):
 garbage-first heap   total 161792K, used 81003K [0x0000000080000000, 0x0000000100000000)
  region size 1024K, 8 young (8192K), 7 survivors (7168K)
 Metaspace       used 63975K, committed 64640K, reserved 1114112K
  class space    used 8767K, committed 9088K, reserved 1048576K
}
Event: 16.029 GC heap after
{Heap after GC invocations=37 (full 0):
 garbage-first heap   total 161792K, used 79514K [0x0000000080000000, 0x0000000100000000)
  region size 1024K, 1 young (1024K), 1 survivors (1024K)
 Metaspace       used 63975K, committed 64640K, reserved 1114112K
  class space    used 8767K, committed 9088K, reserved 1048576K
}
Event: 16.650 GC heap before
{Heap before GC invocations=37 (full 0):
 garbage-first heap   total 161792K, used 125594K [0x0000000080000000, 0x0000000100000000)
  region size 1024K, 46 young (47104K), 1 survivors (1024K)
 Metaspace       used 70199K, committed 70848K, reserved 1114112K
  class space    used 9999K, committed 10304K, reserved 1048576K
}
Event: 16.653 GC heap after
{Heap after GC invocations=38 (full 0):
 garbage-first heap   total 161792K, used 80482K [0x0000000080000000, 0x0000000100000000)
  region size 1024K, 2 young (2048K), 2 survivors (2048K)
 Metaspace       used 70199K, committed 70848K, reserved 1114112K
  class space    used 9999K, committed 10304K, reserved 1048576K
}
Event: 17.195 GC heap before
{Heap before GC invocations=39 (full 0):
 garbage-first heap   total 161792K, used 128610K [0x0000000080000000, 0x0000000100000000)
  region size 1024K, 49 young (50176K), 2 survivors (2048K)
 Metaspace       used 76760K, committed 77504K, reserved 1179648K
  class space    used 10862K, committed 11200K, reserved 1048576K
}
Event: 17.198 GC heap after
{Heap after GC invocations=40 (full 0):
 garbage-first heap   total 161792K, used 81480K [0x0000000080000000, 0x0000000100000000)
  region size 1024K, 3 young (3072K), 3 survivors (3072K)
 Metaspace       used 76760K, committed 77504K, reserved 1179648K
  class space    used 10862K, committed 11200K, reserved 1048576K
}
Event: 17.234 GC heap before
{Heap before GC invocations=40 (full 0):
 garbage-first heap   total 161792K, used 85576K [0x0000000080000000, 0x0000000100000000)
  region size 1024K, 7 young (7168K), 3 survivors (3072K)
 Metaspace       used 77479K, committed 78144K, reserved 1179648K
  class space    used 10956K, committed 11264K, reserved 1048576K
}
Event: 17.237 GC heap after
{Heap after GC invocations=41 (full 0):
 garbage-first heap   total 161792K, used 81196K [0x0000000080000000, 0x0000000100000000)
  region size 1024K, 1 young (1024K), 1 survivors (1024K)
 Metaspace       used 77479K, committed 78144K, reserved 1179648K
  class space    used 10956K, committed 11264K, reserved 1048576K
}
Event: 17.527 GC heap before
{Heap before GC invocations=41 (full 0):
 garbage-first heap   total 161792K, used 139564K [0x0000000080000000, 0x0000000100000000)
  region size 1024K, 50 young (51200K), 1 survivors (1024K)
 Metaspace       used 79828K, committed 80576K, reserved 1179648K
  class space    used 11216K, committed 11520K, reserved 1048576K
}
Event: 17.533 GC heap after
{Heap after GC invocations=42 (full 0):
 garbage-first heap   total 161792K, used 93317K [0x0000000080000000, 0x0000000100000000)
  region size 1024K, 7 young (7168K), 7 survivors (7168K)
 Metaspace       used 79828K, committed 80576K, reserved 1179648K
  class space    used 11216K, committed 11520K, reserved 1048576K
}
Event: 17.837 GC heap before
{Heap before GC invocations=43 (full 0):
 garbage-first heap   total 168960K, used 135301K [0x0000000080000000, 0x0000000100000000)
  region size 1024K, 40 young (40960K), 7 survivors (7168K)
 Metaspace       used 79835K, committed 80576K, reserved 1179648K
  class space    used 11216K, committed 11520K, reserved 1048576K
}
Event: 17.855 GC heap after
{Heap after GC invocations=44 (full 0):
 garbage-first heap   total 168960K, used 105472K [0x0000000080000000, 0x0000000100000000)
  region size 1024K, 5 young (5120K), 5 survivors (5120K)
 Metaspace       used 79835K, committed 80576K, reserved 1179648K
  class space    used 11216K, committed 11520K, reserved 1048576K
}
Event: 17.868 GC heap before
{Heap before GC invocations=44 (full 0):
 garbage-first heap   total 168960K, used 108544K [0x0000000080000000, 0x0000000100000000)
  region size 1024K, 8 young (8192K), 5 survivors (5120K)
 Metaspace       used 79835K, committed 80576K, reserved 1179648K
  class space    used 11216K, committed 11520K, reserved 1048576K
}
Event: 17.874 GC heap after
{Heap after GC invocations=45 (full 0):
 garbage-first heap   total 168960K, used 106496K [0x0000000080000000, 0x0000000100000000)
  region size 1024K, 1 young (1024K), 1 survivors (1024K)
 Metaspace       used 79835K, committed 80576K, reserved 1179648K
  class space    used 11216K, committed 11520K, reserved 1048576K
}
Event: 18.223 GC heap before
{Heap before GC invocations=45 (full 0):
 garbage-first heap   total 168960K, used 136192K [0x0000000080000000, 0x0000000100000000)
  region size 1024K, 29 young (29696K), 1 survivors (1024K)
 Metaspace       used 80086K, committed 80832K, reserved 1179648K
  class space    used 11247K, committed 11584K, reserved 1048576K
}

