# JRE version: OpenJDK Runtime Environment (17.0.10) (build 17.0.10+0--11609105)
# Java VM: OpenJDK 64-Bit Server VM (17.0.10+0--11609105, mixed mode, tiered, compressed oops, compressed class ptrs, g1 gc, windows-amd64)
GC Precious Log:
 CPUs: 12 total, 10 available
 Memory: 7885M
 Large Page Support: Disabled
 NUMA Support: Disabled
 Compressed Oops: Enabled (32-bit)
 Heap Region Size: 1M
 Heap Min Capacity: 8M
 Heap Initial Capacity: 124M
 Heap Max Capacity: 2G
 Pre-touch: Disabled
 Parallel Workers: 9
 Concurrent Workers: 2
 Concurrent Refinement Workers: 9
 Periodic GC: Disabled
Heap:
 garbage-first heap   total 370688K, used 210708K [0x0000000080000000, 0x0000000100000000)
  region size 1024K, 60 young (61440K), 13 survivors (13312K)
 Metaspace       used 120078K, committed 121024K, reserved 1179648K
  class space    used 16289K, committed 16768K, reserved 1048576K
GC Heap History (20 events):
Event: 15.458 GC heap before
{Heap before GC invocations=34 (full 0):
 garbage-first heap   total 185344K, used 146858K [0x0000000080000000, 0x0000000100000000)
  region size 1024K, 53 young (54272K), 5 survivors (5120K)
 Metaspace       used 65951K, committed 66624K, reserved 1114112K
  class space    used 9039K, committed 9344K, reserved 1048576K
}
Event: 15.461 GC heap after
{Heap after GC invocations=35 (full 0):
 garbage-first heap   total 185344K, used 104155K [0x0000000080000000, 0x0000000100000000)
  region size 1024K, 7 young (7168K), 7 survivors (7168K)
 Metaspace       used 65951K, committed 66624K, reserved 1114112K
  class space    used 9039K, committed 9344K, reserved 1048576K
}
Event: 15.471 GC heap before
{Heap before GC invocations=35 (full 0):
 garbage-first heap   total 185344K, used 106203K [0x0000000080000000, 0x0000000100000000)
  region size 1024K, 9 young (9216K), 7 survivors (7168K)
 Metaspace       used 66083K, committed 66752K, reserved 1114112K
  class space    used 9057K, committed 9344K, reserved 1048576K
}
Event: 15.474 GC heap after
{Heap after GC invocations=36 (full 0):
 garbage-first heap   total 185344K, used 102866K [0x0000000080000000, 0x0000000100000000)
  region size 1024K, 1 young (1024K), 1 survivors (1024K)
 Metaspace       used 66083K, committed 66752K, reserved 1114112K
  class space    used 9057K, committed 9344K, reserved 1048576K
}
Event: 15.865 GC heap before
{Heap before GC invocations=36 (full 0):
 garbage-first heap   total 185344K, used 143826K [0x0000000080000000, 0x0000000100000000)
  region size 1024K, 41 young (41984K), 1 survivors (1024K)
 Metaspace       used 70417K, committed 71168K, reserved 1114112K
  class space    used 9474K, committed 9856K, reserved 1048576K
}
Event: 15.867 GC heap after
{Heap after GC invocations=37 (full 0):
 garbage-first heap   total 185344K, used 103719K [0x0000000080000000, 0x0000000100000000)
  region size 1024K, 2 young (2048K), 2 survivors (2048K)
 Metaspace       used 70417K, committed 71168K, reserved 1114112K
  class space    used 9474K, committed 9856K, reserved 1048576K
}
Event: 16.484 GC heap before
{Heap before GC invocations=38 (full 0):
 garbage-first heap   total 185344K, used 151847K [0x0000000080000000, 0x0000000100000000)
  region size 1024K, 44 young (45056K), 2 survivors (2048K)
 Metaspace       used 74098K, committed 74816K, reserved 1114112K
  class space    used 10019K, committed 10368K, reserved 1048576K
}
Event: 16.487 GC heap after
{Heap after GC invocations=39 (full 0):
 garbage-first heap   total 185344K, used 109128K [0x0000000080000000, 0x0000000100000000)
  region size 1024K, 6 young (6144K), 6 survivors (6144K)
 Metaspace       used 74098K, committed 74816K, reserved 1114112K
  class space    used 10019K, committed 10368K, reserved 1048576K
}
Event: 16.527 GC heap before
{Heap before GC invocations=39 (full 0):
 garbage-first heap   total 185344K, used 112200K [0x0000000080000000, 0x0000000100000000)
  region size 1024K, 9 young (9216K), 6 survivors (6144K)
 Metaspace       used 74275K, committed 75008K, reserved 1114112K
  class space    used 10055K, committed 10432K, reserved 1048576K
}
Event: 16.530 GC heap after
{Heap after GC invocations=40 (full 0):
 garbage-first heap   total 185344K, used 108868K [0x0000000080000000, 0x0000000100000000)
  region size 1024K, 1 young (1024K), 1 survivors (1024K)
 Metaspace       used 74275K, committed 75008K, reserved 1114112K
  class space    used 10055K, committed 10432K, reserved 1048576K
}
Event: 16.930 GC heap before
{Heap before GC invocations=40 (full 0):
 garbage-first heap   total 185344K, used 149828K [0x0000000080000000, 0x0000000100000000)
  region size 1024K, 41 young (41984K), 1 survivors (1024K)
 Metaspace       used 77273K, committed 78016K, reserved 1179648K
  class space    used 10426K, committed 10752K, reserved 1048576K
}
Event: 16.934 GC heap after
{Heap after GC invocations=41 (full 0):
 garbage-first heap   total 370688K, used 110204K [0x0000000080000000, 0x0000000100000000)
  region size 1024K, 3 young (3072K), 3 survivors (3072K)
 Metaspace       used 77273K, committed 78016K, reserved 1179648K
  class space    used 10426K, committed 10752K, reserved 1048576K
}
Event: 18.898 GC heap before
{Heap before GC invocations=41 (full 0):
 garbage-first heap   total 370688K, used 279164K [0x0000000080000000, 0x0000000100000000)
  region size 1024K, 164 young (167936K), 3 survivors (3072K)
 Metaspace       used 89208K, committed 90048K, reserved 1179648K
  class space    used 12079K, committed 12480K, reserved 1048576K
}
Event: 18.906 GC heap after
{Heap after GC invocations=42 (full 0):
 garbage-first heap   total 370688K, used 123749K [0x0000000080000000, 0x0000000100000000)
  region size 1024K, 12 young (12288K), 12 survivors (12288K)
 Metaspace       used 89208K, committed 90048K, reserved 1179648K
  class space    used 12079K, committed 12480K, reserved 1048576K
}
Event: 20.574 GC heap before
{Heap before GC invocations=42 (full 0):
 garbage-first heap   total 370688K, used 306021K [0x0000000080000000, 0x0000000100000000)
  region size 1024K, 173 young (177152K), 12 survivors (12288K)
 Metaspace       used 101144K, committed 102016K, reserved 1179648K
  class space    used 13848K, committed 14272K, reserved 1048576K
}
Event: 20.584 GC heap after
{Heap after GC invocations=43 (full 0):
 garbage-first heap   total 370688K, used 147828K [0x0000000080000000, 0x0000000100000000)
  region size 1024K, 21 young (21504K), 21 survivors (21504K)
 Metaspace       used 101144K, committed 102016K, reserved 1179648K
  class space    used 13848K, committed 14272K, reserved 1048576K
}
Event: 22.258 GC heap before
{Heap before GC invocations=43 (full 0):
 garbage-first heap   total 370688K, used 299380K [0x0000000080000000, 0x0000000100000000)
  region size 1024K, 165 young (168960K), 21 survivors (21504K)
 Metaspace       used 117044K, committed 117952K, reserved 1179648K
  class space    used 15864K, committed 16320K, reserved 1048576K
}
Event: 22.268 GC heap after
{Heap after GC invocations=44 (full 0):
 garbage-first heap   total 370688K, used 159802K [0x0000000080000000, 0x0000000100000000)
  region size 1024K, 9 young (9216K), 9 survivors (9216K)
 Metaspace       used 117044K, committed 117952K, reserved 1179648K
  class space    used 15864K, committed 16320K, reserved 1048576K
}
Event: 23.073 GC heap before
{Heap before GC invocations=44 (full 0):
 garbage-first heap   total 370688K, used 227386K [0x0000000080000000, 0x0000000100000000)
  region size 1024K, 77 young (78848K), 9 survivors (9216K)
 Metaspace       used 118127K, committed 118976K, reserved 1179648K
  class space    used 16054K, committed 16512K, reserved 1048576K
}
Event: 23.079 GC heap after
{Heap after GC invocations=45 (full 0):
 garbage-first heap   total 370688K, used 163604K [0x0000000080000000, 0x0000000100000000)
  region size 1024K, 13 young (13312K), 13 survivors (13312K)
 Metaspace       used 118127K, committed 118976K, reserved 1179648K
  class space    used 16054K, committed 16512K, reserved 1048576K
}

