# JRE version: OpenJDK Runtime Environment (17.0.10) (build 17.0.10+0--11609105)
# Java VM: OpenJDK 64-Bit Server VM (17.0.10+0--11609105, mixed mode, tiered, compressed oops, compressed class ptrs, g1 gc, windows-amd64)
GC Precious Log:
 CPUs: 12 total, 12 available
 Memory: 7885M
 Large Page Support: Disabled
 NUMA Support: Disabled
 Compressed Oops: Enabled (32-bit)
 Heap Region Size: 1M
 Heap Min Capacity: 8M
 Heap Initial Capacity: 124M
 Heap Max Capacity: 1972M
 Pre-touch: Disabled
 Parallel Workers: 10
 Concurrent Workers: 3
 Concurrent Refinement Workers: 10
 Periodic GC: Disabled
Heap:
 garbage-first heap   total 202752K, used 96266K [0x0000000084c00000, 0x0000000100000000)
  region size 1024K, 53 young (54272K), 1 survivors (1024K)
 Metaspace       used 56649K, committed 56896K, reserved 1114112K
  class space    used 6624K, committed 6720K, reserved 1048576K
GC Heap History (20 events):
Event: 4.791 GC heap before
{Heap before GC invocations=12 (full 0):
 garbage-first heap   total 66560K, used 49687K [0x0000000084c00000, 0x0000000100000000)
  region size 1024K, 23 young (23552K), 3 survivors (3072K)
 Metaspace       used 48291K, committed 48512K, reserved 1114112K
  class space    used 5850K, committed 5952K, reserved 1048576K
}
Event: 4.800 GC heap after
{Heap after GC invocations=13 (full 0):
 garbage-first heap   total 66560K, used 30214K [0x0000000084c00000, 0x0000000100000000)
  region size 1024K, 1 young (1024K), 1 survivors (1024K)
 Metaspace       used 48291K, committed 48512K, reserved 1114112K
  class space    used 5850K, committed 5952K, reserved 1048576K
}
Event: 5.556 GC heap before
{Heap before GC invocations=13 (full 0):
 garbage-first heap   total 66560K, used 49670K [0x0000000084c00000, 0x0000000100000000)
  region size 1024K, 21 young (21504K), 1 survivors (1024K)
 Metaspace       used 50363K, committed 50624K, reserved 1114112K
  class space    used 6039K, committed 6144K, reserved 1048576K
}
Event: 5.569 GC heap after
{Heap after GC invocations=14 (full 0):
 garbage-first heap   total 66560K, used 34791K [0x0000000084c00000, 0x0000000100000000)
  region size 1024K, 3 young (3072K), 3 survivors (3072K)
 Metaspace       used 50363K, committed 50624K, reserved 1114112K
  class space    used 6039K, committed 6144K, reserved 1048576K
}
Event: 6.082 GC heap before
{Heap before GC invocations=14 (full 0):
 garbage-first heap   total 66560K, used 51175K [0x0000000084c00000, 0x0000000100000000)
  region size 1024K, 19 young (19456K), 3 survivors (3072K)
 Metaspace       used 51102K, committed 51264K, reserved 1114112K
  class space    used 6057K, committed 6144K, reserved 1048576K
}
Event: 6.098 GC heap after
{Heap after GC invocations=15 (full 0):
 garbage-first heap   total 66560K, used 37840K [0x0000000084c00000, 0x0000000100000000)
  region size 1024K, 3 young (3072K), 3 survivors (3072K)
 Metaspace       used 51102K, committed 51264K, reserved 1114112K
  class space    used 6057K, committed 6144K, reserved 1048576K
}
Event: 6.409 GC heap before
{Heap before GC invocations=16 (full 0):
 garbage-first heap   total 66560K, used 52176K [0x0000000084c00000, 0x0000000100000000)
  region size 1024K, 17 young (17408K), 3 survivors (3072K)
 Metaspace       used 51177K, committed 51392K, reserved 1114112K
  class space    used 6057K, committed 6144K, reserved 1048576K
}
Event: 6.426 GC heap after
{Heap after GC invocations=17 (full 0):
 garbage-first heap   total 66560K, used 40960K [0x0000000084c00000, 0x0000000100000000)
  region size 1024K, 3 young (3072K), 3 survivors (3072K)
 Metaspace       used 51177K, committed 51392K, reserved 1114112K
  class space    used 6057K, committed 6144K, reserved 1048576K
}
Event: 6.451 GC heap before
{Heap before GC invocations=17 (full 0):
 garbage-first heap   total 66560K, used 41984K [0x0000000084c00000, 0x0000000100000000)
  region size 1024K, 4 young (4096K), 3 survivors (3072K)
 Metaspace       used 51203K, committed 51392K, reserved 1114112K
  class space    used 6062K, committed 6144K, reserved 1048576K
}
Event: 6.485 GC heap after
{Heap after GC invocations=18 (full 0):
 garbage-first heap   total 89088K, used 38752K [0x0000000084c00000, 0x0000000100000000)
  region size 1024K, 1 young (1024K), 1 survivors (1024K)
 Metaspace       used 51203K, committed 51392K, reserved 1114112K
  class space    used 6062K, committed 6144K, reserved 1048576K
}
Event: 6.792 GC heap before
{Heap before GC invocations=18 (full 0):
 garbage-first heap   total 89088K, used 66400K [0x0000000084c00000, 0x0000000100000000)
  region size 1024K, 28 young (28672K), 1 survivors (1024K)
 Metaspace       used 51428K, committed 51584K, reserved 1114112K
  class space    used 6068K, committed 6144K, reserved 1048576K
}
Event: 6.802 GC heap after
{Heap after GC invocations=19 (full 0):
 garbage-first heap   total 89088K, used 44032K [0x0000000084c00000, 0x0000000100000000)
  region size 1024K, 4 young (4096K), 4 survivors (4096K)
 Metaspace       used 51428K, committed 51584K, reserved 1114112K
  class space    used 6068K, committed 6144K, reserved 1048576K
}
Event: 7.044 GC heap before
{Heap before GC invocations=19 (full 0):
 garbage-first heap   total 89088K, used 68608K [0x0000000084c00000, 0x0000000100000000)
  region size 1024K, 28 young (28672K), 4 survivors (4096K)
 Metaspace       used 53458K, committed 53696K, reserved 1114112K
  class space    used 6305K, committed 6400K, reserved 1048576K
}
Event: 7.051 GC heap after
{Heap after GC invocations=20 (full 0):
 garbage-first heap   total 89088K, used 44897K [0x0000000084c00000, 0x0000000100000000)
  region size 1024K, 1 young (1024K), 1 survivors (1024K)
 Metaspace       used 53458K, committed 53696K, reserved 1114112K
  class space    used 6305K, committed 6400K, reserved 1048576K
}
Event: 7.111 GC heap before
{Heap before GC invocations=20 (full 0):
 garbage-first heap   total 89088K, used 69473K [0x0000000084c00000, 0x0000000100000000)
  region size 1024K, 25 young (25600K), 1 survivors (1024K)
 Metaspace       used 53458K, committed 53696K, reserved 1114112K
  class space    used 6305K, committed 6400K, reserved 1048576K
}
Event: 7.113 GC heap after
{Heap after GC invocations=21 (full 0):
 garbage-first heap   total 89088K, used 44541K [0x0000000084c00000, 0x0000000100000000)
  region size 1024K, 1 young (1024K), 1 survivors (1024K)
 Metaspace       used 53458K, committed 53696K, reserved 1114112K
  class space    used 6305K, committed 6400K, reserved 1048576K
}
Event: 7.225 GC heap before
{Heap before GC invocations=22 (full 0):
 garbage-first heap   total 89088K, used 70141K [0x0000000084c00000, 0x0000000100000000)
  region size 1024K, 26 young (26624K), 1 survivors (1024K)
 Metaspace       used 53458K, committed 53696K, reserved 1114112K
  class space    used 6305K, committed 6400K, reserved 1048576K
}
Event: 7.227 GC heap after
{Heap after GC invocations=23 (full 0):
 garbage-first heap   total 89088K, used 44546K [0x0000000084c00000, 0x0000000100000000)
  region size 1024K, 1 young (1024K), 1 survivors (1024K)
 Metaspace       used 53458K, committed 53696K, reserved 1114112K
  class space    used 6305K, committed 6400K, reserved 1048576K
}
Event: 7.236 GC heap before
{Heap before GC invocations=23 (full 0):
 garbage-first heap   total 89088K, used 47618K [0x0000000084c00000, 0x0000000100000000)
  region size 1024K, 4 young (4096K), 1 survivors (1024K)
 Metaspace       used 53458K, committed 53696K, reserved 1114112K
  class space    used 6305K, committed 6400K, reserved 1048576K
}
Event: 7.240 GC heap after
{Heap after GC invocations=24 (full 0):
 garbage-first heap   total 202752K, used 44042K [0x0000000084c00000, 0x0000000100000000)
  region size 1024K, 1 young (1024K), 1 survivors (1024K)
 Metaspace       used 53458K, committed 53696K, reserved 1114112K
  class space    used 6305K, committed 6400K, reserved 1048576K
}

