# JRE version: OpenJDK Runtime Environment (17.0.10) (build 17.0.10+0--11609105)
# Java VM: OpenJDK 64-Bit Server VM (17.0.10+0--11609105, mixed mode, tiered, compressed oops, compressed class ptrs, g1 gc, windows-amd64)
GC Precious Log:
 CPUs: 12 total, 12 available
 Memory: 7885M
 Large Page Support: Disabled
 NUMA Support: Disabled
 Compressed Oops: Enabled (32-bit)
 Heap Region Size: 1M
 Heap Min Capacity: 8M
 Heap Initial Capacity: 124M
 Heap Max Capacity: 1972M
 Pre-touch: Disabled
 Parallel Workers: 10
 Concurrent Workers: 3
 Concurrent Refinement Workers: 10
 Periodic GC: Disabled
Heap:
 garbage-first heap   total 156672K, used 86359K [0x0000000084c00000, 0x0000000100000000)
  region size 1024K, 1 young (1024K), 1 survivors (1024K)
 Metaspace       used 77829K, committed 78144K, reserved 1179648K
  class space    used 8452K, committed 8640K, reserved 1048576K
GC Heap History (20 events):
Event: 7.314 GC heap after
{Heap after GC invocations=17 (full 0):
 garbage-first heap   total 130048K, used 45399K [0x0000000084c00000, 0x0000000100000000)
  region size 1024K, 1 young (1024K), 1 survivors (1024K)
 Metaspace       used 53756K, committed 54016K, reserved 1114112K
  class space    used 6307K, committed 6400K, reserved 1048576K
}
Event: 7.646 GC heap before
{Heap before GC invocations=17 (full 0):
 garbage-first heap   total 130048K, used 99671K [0x0000000084c00000, 0x0000000100000000)
  region size 1024K, 54 young (55296K), 1 survivors (1024K)
 Metaspace       used 54457K, committed 54720K, reserved 1114112K
  class space    used 6393K, committed 6528K, reserved 1048576K
}
Event: 7.649 GC heap after
{Heap after GC invocations=18 (full 0):
 garbage-first heap   total 130048K, used 46673K [0x0000000084c00000, 0x0000000100000000)
  region size 1024K, 2 young (2048K), 2 survivors (2048K)
 Metaspace       used 54457K, committed 54720K, reserved 1114112K
  class space    used 6393K, committed 6528K, reserved 1048576K
}
Event: 9.939 GC heap before
{Heap before GC invocations=18 (full 0):
 garbage-first heap   total 130048K, used 102993K [0x0000000084c00000, 0x0000000100000000)
  region size 1024K, 57 young (58368K), 2 survivors (2048K)
 Metaspace       used 58951K, committed 59200K, reserved 1114112K
  class space    used 6683K, committed 6784K, reserved 1048576K
}
Event: 9.951 GC heap after
{Heap after GC invocations=19 (full 0):
 garbage-first heap   total 130048K, used 52626K [0x0000000084c00000, 0x0000000100000000)
  region size 1024K, 8 young (8192K), 8 survivors (8192K)
 Metaspace       used 58951K, committed 59200K, reserved 1114112K
  class space    used 6683K, committed 6784K, reserved 1048576K
}
Event: 11.299 GC heap before
{Heap before GC invocations=19 (full 0):
 garbage-first heap   total 130048K, used 103826K [0x0000000084c00000, 0x0000000100000000)
  region size 1024K, 57 young (58368K), 8 survivors (8192K)
 Metaspace       used 59991K, committed 60288K, reserved 1114112K
  class space    used 6746K, committed 6848K, reserved 1048576K
}
Event: 11.316 GC heap after
{Heap after GC invocations=20 (full 0):
 garbage-first heap   total 130048K, used 58593K [0x0000000084c00000, 0x0000000100000000)
  region size 1024K, 6 young (6144K), 6 survivors (6144K)
 Metaspace       used 59991K, committed 60288K, reserved 1114112K
  class space    used 6746K, committed 6848K, reserved 1048576K
}
Event: 12.421 GC heap before
{Heap before GC invocations=20 (full 0):
 garbage-first heap   total 130048K, used 93409K [0x0000000084c00000, 0x0000000100000000)
  region size 1024K, 39 young (39936K), 6 survivors (6144K)
 Metaspace       used 60248K, committed 60480K, reserved 1114112K
  class space    used 6747K, committed 6848K, reserved 1048576K
}
Event: 12.434 GC heap after
{Heap after GC invocations=21 (full 0):
 garbage-first heap   total 130048K, used 63858K [0x0000000084c00000, 0x0000000100000000)
  region size 1024K, 4 young (4096K), 4 survivors (4096K)
 Metaspace       used 60248K, committed 60480K, reserved 1114112K
  class space    used 6747K, committed 6848K, reserved 1048576K
}
Event: 13.490 GC heap before
{Heap before GC invocations=22 (full 0):
 garbage-first heap   total 130048K, used 104818K [0x0000000084c00000, 0x0000000100000000)
  region size 1024K, 44 young (45056K), 4 survivors (4096K)
 Metaspace       used 64746K, committed 65088K, reserved 1114112K
  class space    used 7188K, committed 7360K, reserved 1048576K
}
Event: 13.500 GC heap after
{Heap after GC invocations=23 (full 0):
 garbage-first heap   total 130048K, used 66010K [0x0000000084c00000, 0x0000000100000000)
  region size 1024K, 6 young (6144K), 6 survivors (6144K)
 Metaspace       used 64746K, committed 65088K, reserved 1114112K
  class space    used 7188K, committed 7360K, reserved 1048576K
}
Event: 13.529 GC heap before
{Heap before GC invocations=23 (full 0):
 garbage-first heap   total 130048K, used 67034K [0x0000000084c00000, 0x0000000100000000)
  region size 1024K, 7 young (7168K), 6 survivors (6144K)
 Metaspace       used 64941K, committed 65280K, reserved 1114112K
  class space    used 7210K, committed 7360K, reserved 1048576K
}
Event: 13.541 GC heap after
{Heap after GC invocations=24 (full 0):
 garbage-first heap   total 156672K, used 66004K [0x0000000084c00000, 0x0000000100000000)
  region size 1024K, 1 young (1024K), 1 survivors (1024K)
 Metaspace       used 64941K, committed 65280K, reserved 1114112K
  class space    used 7210K, committed 7360K, reserved 1048576K
}
Event: 14.619 GC heap before
{Heap before GC invocations=24 (full 0):
 garbage-first heap   total 156672K, used 124372K [0x0000000084c00000, 0x0000000100000000)
  region size 1024K, 58 young (59392K), 1 survivors (1024K)
 Metaspace       used 67551K, committed 67904K, reserved 1114112K
  class space    used 7442K, committed 7616K, reserved 1048576K
}
Event: 14.635 GC heap after
{Heap after GC invocations=25 (full 0):
 garbage-first heap   total 156672K, used 74617K [0x0000000084c00000, 0x0000000100000000)
  region size 1024K, 8 young (8192K), 8 survivors (8192K)
 Metaspace       used 67551K, committed 67904K, reserved 1114112K
  class space    used 7442K, committed 7616K, reserved 1048576K
}
Event: 15.674 GC heap before
{Heap before GC invocations=25 (full 0):
 garbage-first heap   total 156672K, used 123769K [0x0000000084c00000, 0x0000000100000000)
  region size 1024K, 56 young (57344K), 8 survivors (8192K)
 Metaspace       used 73292K, committed 73600K, reserved 1179648K
  class space    used 8045K, committed 8192K, reserved 1048576K
}
Event: 15.689 GC heap after
{Heap after GC invocations=26 (full 0):
 garbage-first heap   total 156672K, used 80151K [0x0000000084c00000, 0x0000000100000000)
  region size 1024K, 6 young (6144K), 6 survivors (6144K)
 Metaspace       used 73292K, committed 73600K, reserved 1179648K
  class space    used 8045K, committed 8192K, reserved 1048576K
}
Event: 16.455 GC heap before
{Heap before GC invocations=26 (full 0):
 garbage-first heap   total 156672K, used 125207K [0x0000000084c00000, 0x0000000100000000)
  region size 1024K, 50 young (51200K), 6 survivors (6144K)
 Metaspace       used 77478K, committed 77824K, reserved 1179648K
  class space    used 8451K, committed 8640K, reserved 1048576K
}
Event: 16.470 GC heap after
{Heap after GC invocations=27 (full 0):
 garbage-first heap   total 156672K, used 85347K [0x0000000084c00000, 0x0000000100000000)
  region size 1024K, 6 young (6144K), 6 survivors (6144K)
 Metaspace       used 77478K, committed 77824K, reserved 1179648K
  class space    used 8451K, committed 8640K, reserved 1048576K
}
Event: 16.753 GC heap before
{Heap before GC invocations=27 (full 0):
 garbage-first heap   total 156672K, used 125283K [0x0000000084c00000, 0x0000000100000000)
  region size 1024K, 45 young (46080K), 6 survivors (6144K)
 Metaspace       used 77829K, committed 78144K, reserved 1179648K
  class space    used 8452K, committed 8640K, reserved 1048576K
}

