# JRE version: OpenJDK Runtime Environment (17.0.10) (build 17.0.10+0--11609105)
# Java VM: OpenJDK 64-Bit Server VM (17.0.10+0--11609105, mixed mode, tiered, compressed oops, compressed class ptrs, g1 gc, windows-amd64)
GC Precious Log:
 CPUs: 12 total, 8 available
 Memory: 7885M
 Large Page Support: Disabled
 NUMA Support: Disabled
 Compressed Oops: Enabled (32-bit)
 Heap Region Size: 1M
 Heap Min Capacity: 8M
 Heap Initial Capacity: 124M
 Heap Max Capacity: 2G
 Pre-touch: Disabled
 Parallel Workers: 8
 Concurrent Workers: 2
 Concurrent Refinement Workers: 8
 Periodic GC: Disabled
Heap:
 garbage-first heap   total 126976K, used 69320K [0x0000000080000000, 0x0000000100000000)
  region size 1024K, 2 young (2048K), 2 survivors (2048K)
 Metaspace       used 54066K, committed 54720K, reserved 1114112K
  class space    used 7242K, committed 7552K, reserved 1048576K
GC Heap History (20 events):
Event: 4.864 GC heap after
{Heap after GC invocations=10 (full 0):
 garbage-first heap   total 82944K, used 39564K [0x0000000080000000, 0x0000000100000000)
  region size 1024K, 2 young (2048K), 2 survivors (2048K)
 Metaspace       used 35191K, committed 35584K, reserved 1114112K
  class space    used 4868K, committed 5056K, reserved 1048576K
}
Event: 5.297 GC heap before
{Heap before GC invocations=11 (full 0):
 garbage-first heap   total 82944K, used 63116K [0x0000000080000000, 0x0000000100000000)
  region size 1024K, 25 young (25600K), 2 survivors (2048K)
 Metaspace       used 38516K, committed 38912K, reserved 1114112K
  class space    used 5403K, committed 5568K, reserved 1048576K
}
Event: 5.300 GC heap after
{Heap after GC invocations=12 (full 0):
 garbage-first heap   total 82944K, used 40617K [0x0000000080000000, 0x0000000100000000)
  region size 1024K, 3 young (3072K), 3 survivors (3072K)
 Metaspace       used 38516K, committed 38912K, reserved 1114112K
  class space    used 5403K, committed 5568K, reserved 1048576K
}
Event: 5.911 GC heap before
{Heap before GC invocations=12 (full 0):
 garbage-first heap   total 82944K, used 63145K [0x0000000080000000, 0x0000000100000000)
  region size 1024K, 26 young (26624K), 3 survivors (3072K)
 Metaspace       used 44077K, committed 44480K, reserved 1114112K
  class space    used 5977K, committed 6144K, reserved 1048576K
}
Event: 5.916 GC heap after
{Heap after GC invocations=13 (full 0):
 garbage-first heap   total 82944K, used 44008K [0x0000000080000000, 0x0000000100000000)
  region size 1024K, 4 young (4096K), 4 survivors (4096K)
 Metaspace       used 44077K, committed 44480K, reserved 1114112K
  class space    used 5977K, committed 6144K, reserved 1048576K
}
Event: 6.104 GC heap before
{Heap before GC invocations=14 (full 0):
 garbage-first heap   total 82944K, used 64488K [0x0000000080000000, 0x0000000100000000)
  region size 1024K, 24 young (24576K), 4 survivors (4096K)
 Metaspace       used 44561K, committed 44992K, reserved 1114112K
  class space    used 6022K, committed 6208K, reserved 1048576K
}
Event: 6.111 GC heap after
{Heap after GC invocations=15 (full 0):
 garbage-first heap   total 82944K, used 46558K [0x0000000080000000, 0x0000000100000000)
  region size 1024K, 3 young (3072K), 3 survivors (3072K)
 Metaspace       used 44561K, committed 44992K, reserved 1114112K
  class space    used 6022K, committed 6208K, reserved 1048576K
}
Event: 6.214 GC heap before
{Heap before GC invocations=15 (full 0):
 garbage-first heap   total 82944K, used 50654K [0x0000000080000000, 0x0000000100000000)
  region size 1024K, 9 young (9216K), 3 survivors (3072K)
 Metaspace       used 45006K, committed 45440K, reserved 1114112K
  class space    used 6067K, committed 6272K, reserved 1048576K
}
Event: 6.225 GC heap after
{Heap after GC invocations=16 (full 0):
 garbage-first heap   total 82944K, used 47561K [0x0000000080000000, 0x0000000100000000)
  region size 1024K, 2 young (2048K), 2 survivors (2048K)
 Metaspace       used 45006K, committed 45440K, reserved 1114112K
  class space    used 6067K, committed 6272K, reserved 1048576K
}
Event: 6.577 GC heap before
{Heap before GC invocations=17 (full 0):
 garbage-first heap   total 92160K, used 70089K [0x0000000080000000, 0x0000000100000000)
  region size 1024K, 19 young (19456K), 2 survivors (2048K)
 Metaspace       used 47608K, committed 48064K, reserved 1114112K
  class space    used 6362K, committed 6592K, reserved 1048576K
}
Event: 6.582 GC heap after
{Heap after GC invocations=18 (full 0):
 garbage-first heap   total 115712K, used 48370K [0x0000000080000000, 0x0000000100000000)
  region size 1024K, 2 young (2048K), 2 survivors (2048K)
 Metaspace       used 47608K, committed 48064K, reserved 1114112K
  class space    used 6362K, committed 6592K, reserved 1048576K
}
Event: 7.093 GC heap before
{Heap before GC invocations=18 (full 0):
 garbage-first heap   total 115712K, used 77042K [0x0000000080000000, 0x0000000100000000)
  region size 1024K, 28 young (28672K), 2 survivors (2048K)
 Metaspace       used 50098K, committed 50560K, reserved 1114112K
  class space    used 6776K, committed 6976K, reserved 1048576K
}
Event: 7.096 GC heap after
{Heap after GC invocations=19 (full 0):
 garbage-first heap   total 115712K, used 54174K [0x0000000080000000, 0x0000000100000000)
  region size 1024K, 5 young (5120K), 5 survivors (5120K)
 Metaspace       used 50098K, committed 50560K, reserved 1114112K
  class space    used 6776K, committed 6976K, reserved 1048576K
}
Event: 7.253 GC heap before
{Heap before GC invocations=19 (full 0):
 garbage-first heap   total 115712K, used 65438K [0x0000000080000000, 0x0000000100000000)
  region size 1024K, 12 young (12288K), 5 survivors (5120K)
 Metaspace       used 50378K, committed 50880K, reserved 1114112K
  class space    used 6824K, committed 7040K, reserved 1048576K
}
Event: 7.256 GC heap after
{Heap after GC invocations=20 (full 0):
 garbage-first heap   total 115712K, used 61505K [0x0000000080000000, 0x0000000100000000)
  region size 1024K, 3 young (3072K), 3 survivors (3072K)
 Metaspace       used 50378K, committed 50880K, reserved 1114112K
  class space    used 6824K, committed 7040K, reserved 1048576K
}
Event: 7.343 GC heap before
{Heap before GC invocations=21 (full 0):
 garbage-first heap   total 116736K, used 70721K [0x0000000080000000, 0x0000000100000000)
  region size 1024K, 9 young (9216K), 3 survivors (3072K)
 Metaspace       used 50704K, committed 51200K, reserved 1114112K
  class space    used 6850K, committed 7104K, reserved 1048576K
}
Event: 7.344 GC heap after
{Heap after GC invocations=22 (full 0):
 garbage-first heap   total 116736K, used 68227K [0x0000000080000000, 0x0000000100000000)
  region size 1024K, 2 young (2048K), 2 survivors (2048K)
 Metaspace       used 50704K, committed 51200K, reserved 1114112K
  class space    used 6850K, committed 7104K, reserved 1048576K
}
Event: 7.614 GC heap before
{Heap before GC invocations=23 (full 0):
 garbage-first heap   total 122880K, used 86659K [0x0000000080000000, 0x0000000100000000)
  region size 1024K, 18 young (18432K), 2 survivors (2048K)
 Metaspace       used 52997K, committed 53504K, reserved 1114112K
  class space    used 7086K, committed 7296K, reserved 1048576K
}
Event: 7.617 GC heap after
{Heap after GC invocations=24 (full 0):
 garbage-first heap   total 122880K, used 68507K [0x0000000080000000, 0x0000000100000000)
  region size 1024K, 2 young (2048K), 2 survivors (2048K)
 Metaspace       used 52997K, committed 53504K, reserved 1114112K
  class space    used 7086K, committed 7296K, reserved 1048576K
}
Event: 7.836 GC heap before
{Heap before GC invocations=24 (full 0):
 garbage-first heap   total 122880K, used 88987K [0x0000000080000000, 0x0000000100000000)
  region size 1024K, 22 young (22528K), 2 survivors (2048K)
 Metaspace       used 54066K, committed 54720K, reserved 1114112K
  class space    used 7242K, committed 7552K, reserved 1048576K
}

