# JRE version: OpenJDK Runtime Environment (17.0.10) (build 17.0.10+0--11609105)
# Java VM: OpenJDK 64-Bit Server VM (17.0.10+0--11609105, mixed mode, tiered, compressed oops, compressed class ptrs, g1 gc, windows-amd64)
GC Precious Log:
 CPUs: 12 total, 12 available
 Memory: 7885M
 Large Page Support: Disabled
 NUMA Support: Disabled
 Compressed Oops: Enabled (32-bit)
 Heap Region Size: 1M
 Heap Min Capacity: 8M
 Heap Initial Capacity: 124M
 Heap Max Capacity: 2G
 Pre-touch: Disabled
 Parallel Workers: 10
 Concurrent Workers: 3
 Concurrent Refinement Workers: 10
 Periodic GC: Disabled
Heap:
 garbage-first heap   total 399360K, used 311991K [0x0000000080000000, 0x0000000100000000)
  region size 1024K, 36 young (36864K), 1 survivors (1024K)
 Metaspace       used 169614K, committed 171008K, reserved 1245184K
  class space    used 23880K, committed 24576K, reserved 1048576K
GC Heap History (20 events):
Event: 3360.259 GC heap before
{Heap before GC invocations=99 (full 0):
 garbage-first heap   total 328704K, used 287399K [0x0000000080000000, 0x0000000100000000)
  region size 1024K, 26 young (26624K), 3 survivors (3072K)
 Metaspace       used 162948K, committed 164288K, reserved 1245184K
  class space    used 22656K, committed 23296K, reserved 1048576K
}
Event: 3360.262 GC heap after
{Heap after GC invocations=100 (full 0):
 garbage-first heap   total 328704K, used 264788K [0x0000000080000000, 0x0000000100000000)
  region size 1024K, 3 young (3072K), 3 survivors (3072K)
 Metaspace       used 162948K, committed 164288K, reserved 1245184K
  class space    used 22656K, committed 23296K, reserved 1048576K
}
Event: 3360.418 GC heap before
{Heap before GC invocations=100 (full 0):
 garbage-first heap   total 328704K, used 288340K [0x0000000080000000, 0x0000000100000000)
  region size 1024K, 26 young (26624K), 3 survivors (3072K)
 Metaspace       used 164435K, committed 165760K, reserved 1245184K
  class space    used 23022K, committed 23680K, reserved 1048576K
}
Event: 3360.422 GC heap after
{Heap after GC invocations=101 (full 0):
 garbage-first heap   total 328704K, used 265899K [0x0000000080000000, 0x0000000100000000)
  region size 1024K, 4 young (4096K), 4 survivors (4096K)
 Metaspace       used 164435K, committed 165760K, reserved 1245184K
  class space    used 23022K, committed 23680K, reserved 1048576K
}
Event: 3360.565 GC heap before
{Heap before GC invocations=101 (full 0):
 garbage-first heap   total 328704K, used 287403K [0x0000000080000000, 0x0000000100000000)
  region size 1024K, 26 young (26624K), 4 survivors (4096K)
 Metaspace       used 165468K, committed 166848K, reserved 1245184K
  class space    used 23243K, committed 23872K, reserved 1048576K
}
Event: 3360.570 GC heap after
{Heap after GC invocations=102 (full 0):
 garbage-first heap   total 328704K, used 270863K [0x0000000080000000, 0x0000000100000000)
  region size 1024K, 4 young (4096K), 4 survivors (4096K)
 Metaspace       used 165468K, committed 166848K, reserved 1245184K
  class space    used 23243K, committed 23872K, reserved 1048576K
}
Event: 3360.671 GC heap before
{Heap before GC invocations=102 (full 0):
 garbage-first heap   total 328704K, used 287247K [0x0000000080000000, 0x0000000100000000)
  region size 1024K, 20 young (20480K), 4 survivors (4096K)
 Metaspace       used 166019K, committed 167360K, reserved 1245184K
  class space    used 23357K, committed 24000K, reserved 1048576K
}
Event: 3360.673 GC heap after
{Heap after GC invocations=103 (full 0):
 garbage-first heap   total 328704K, used 267948K [0x0000000080000000, 0x0000000100000000)
  region size 1024K, 1 young (1024K), 1 survivors (1024K)
 Metaspace       used 166019K, committed 167360K, reserved 1245184K
  class space    used 23357K, committed 24000K, reserved 1048576K
}
Event: 3361.023 GC heap before
{Heap before GC invocations=103 (full 0):
 garbage-first heap   total 328704K, used 286380K [0x0000000080000000, 0x0000000100000000)
  region size 1024K, 20 young (20480K), 1 survivors (1024K)
 Metaspace       used 166929K, committed 168256K, reserved 1245184K
  class space    used 23473K, committed 24128K, reserved 1048576K
}
Event: 3361.026 GC heap after
{Heap after GC invocations=104 (full 0):
 garbage-first heap   total 328704K, used 270143K [0x0000000080000000, 0x0000000100000000)
  region size 1024K, 3 young (3072K), 3 survivors (3072K)
 Metaspace       used 166929K, committed 168256K, reserved 1245184K
  class space    used 23473K, committed 24128K, reserved 1048576K
}
Event: 3361.125 GC heap before
{Heap before GC invocations=104 (full 0):
 garbage-first heap   total 328704K, used 285503K [0x0000000080000000, 0x0000000100000000)
  region size 1024K, 19 young (19456K), 3 survivors (3072K)
 Metaspace       used 167595K, committed 168960K, reserved 1245184K
  class space    used 23627K, committed 24256K, reserved 1048576K
}
Event: 3361.131 GC heap after
{Heap after GC invocations=105 (full 0):
 garbage-first heap   total 328704K, used 273551K [0x0000000080000000, 0x0000000100000000)
  region size 1024K, 3 young (3072K), 3 survivors (3072K)
 Metaspace       used 167595K, committed 168960K, reserved 1245184K
  class space    used 23627K, committed 24256K, reserved 1048576K
}
Event: 3361.227 GC heap before
{Heap before GC invocations=105 (full 0):
 garbage-first heap   total 328704K, used 285839K [0x0000000080000000, 0x0000000100000000)
  region size 1024K, 16 young (16384K), 3 survivors (3072K)
 Metaspace       used 167694K, committed 169024K, reserved 1245184K
  class space    used 23630K, committed 24256K, reserved 1048576K
}
Event: 3361.231 GC heap after
{Heap after GC invocations=106 (full 0):
 garbage-first heap   total 328704K, used 276864K [0x0000000080000000, 0x0000000100000000)
  region size 1024K, 2 young (2048K), 2 survivors (2048K)
 Metaspace       used 167694K, committed 169024K, reserved 1245184K
  class space    used 23630K, committed 24256K, reserved 1048576K
}
Event: 3361.602 GC heap before
{Heap before GC invocations=106 (full 0):
 garbage-first heap   total 328704K, used 291200K [0x0000000080000000, 0x0000000100000000)
  region size 1024K, 16 young (16384K), 2 survivors (2048K)
 Metaspace       used 168583K, committed 169920K, reserved 1245184K
  class space    used 23727K, committed 24384K, reserved 1048576K
}
Event: 3361.605 GC heap after
{Heap after GC invocations=107 (full 0):
 garbage-first heap   total 328704K, used 277044K [0x0000000080000000, 0x0000000100000000)
  region size 1024K, 1 young (1024K), 1 survivors (1024K)
 Metaspace       used 168583K, committed 169920K, reserved 1245184K
  class space    used 23727K, committed 24384K, reserved 1048576K
}
Event: 3361.888 GC heap before
{Heap before GC invocations=107 (full 0):
 garbage-first heap   total 328704K, used 295476K [0x0000000080000000, 0x0000000100000000)
  region size 1024K, 11 young (11264K), 1 survivors (1024K)
 Metaspace       used 169280K, committed 170624K, reserved 1245184K
  class space    used 23836K, committed 24512K, reserved 1048576K
}
Event: 3361.900 GC heap after
{Heap after GC invocations=108 (full 0):
 garbage-first heap   total 328704K, used 287783K [0x0000000080000000, 0x0000000100000000)
  region size 1024K, 2 young (2048K), 2 survivors (2048K)
 Metaspace       used 169280K, committed 170624K, reserved 1245184K
  class space    used 23836K, committed 24512K, reserved 1048576K
}
Event: 3362.515 GC heap before
{Heap before GC invocations=108 (full 0):
 garbage-first heap   total 328704K, used 309287K [0x0000000080000000, 0x0000000100000000)
  region size 1024K, 16 young (16384K), 2 survivors (2048K)
 Metaspace       used 169512K, committed 170944K, reserved 1245184K
  class space    used 23871K, committed 24576K, reserved 1048576K
}
Event: 3362.519 GC heap after
{Heap after GC invocations=109 (full 0):
 garbage-first heap   total 399360K, used 277175K [0x0000000080000000, 0x0000000100000000)
  region size 1024K, 1 young (1024K), 1 survivors (1024K)
 Metaspace       used 169512K, committed 170944K, reserved 1245184K
  class space    used 23871K, committed 24576K, reserved 1048576K
}

