# JRE version: OpenJDK Runtime Environment (17.0.10) (build 17.0.10+0--11609105)
# Java VM: OpenJDK 64-Bit Server VM (17.0.10+0--11609105, mixed mode, tiered, compressed oops, compressed class ptrs, g1 gc, windows-amd64)
GC Precious Log:
 CPUs: 12 total, 10 available
 Memory: 7885M
 Large Page Support: Disabled
 NUMA Support: Disabled
 Compressed Oops: Enabled (32-bit)
 Heap Region Size: 1M
 Heap Min Capacity: 8M
 Heap Initial Capacity: 124M
 Heap Max Capacity: 2G
 Pre-touch: Disabled
 Parallel Workers: 9
 Concurrent Workers: 2
 Concurrent Refinement Workers: 9
 Periodic GC: Disabled
Heap:
 garbage-first heap   total 359424K, used 212206K [0x0000000080000000, 0x0000000100000000)
  region size 1024K, 9 young (9216K), 7 survivors (7168K)
 Metaspace       used 184373K, committed 185344K, reserved 1245184K
  class space    used 23850K, committed 24320K, reserved 1048576K
GC Heap History (20 events):
Event: 32.146 GC heap before
{Heap before GC invocations=43 (full 0):
 garbage-first heap   total 359424K, used 291628K [0x0000000080000000, 0x0000000100000000)
  region size 1024K, 125 young (128000K), 10 survivors (10240K)
 Metaspace       used 144513K, committed 145344K, reserved 1179648K
  class space    used 18708K, committed 19136K, reserved 1048576K
}
Event: 32.171 GC heap after
{Heap after GC invocations=44 (full 0):
 garbage-first heap   total 359424K, used 177501K [0x0000000080000000, 0x0000000100000000)
  region size 1024K, 5 young (5120K), 5 survivors (5120K)
 Metaspace       used 144513K, committed 145344K, reserved 1179648K
  class space    used 18708K, committed 19136K, reserved 1048576K
}
Event: 35.098 GC heap before
{Heap before GC invocations=44 (full 0):
 garbage-first heap   total 359424K, used 295261K [0x0000000080000000, 0x0000000100000000)
  region size 1024K, 120 young (122880K), 5 survivors (5120K)
 Metaspace       used 145460K, committed 146368K, reserved 1179648K
  class space    used 18774K, committed 19200K, reserved 1048576K
}
Event: 35.123 GC heap after
{Heap after GC invocations=45 (full 0):
 garbage-first heap   total 359424K, used 186614K [0x0000000080000000, 0x0000000100000000)
  region size 1024K, 14 young (14336K), 14 survivors (14336K)
 Metaspace       used 145460K, committed 146368K, reserved 1179648K
  class space    used 18774K, committed 19200K, reserved 1048576K
}
Event: 37.325 GC heap before
{Heap before GC invocations=45 (full 0):
 garbage-first heap   total 359424K, used 292086K [0x0000000080000000, 0x0000000100000000)
  region size 1024K, 117 young (119808K), 14 survivors (14336K)
 Metaspace       used 150323K, committed 151168K, reserved 1245184K
  class space    used 19197K, committed 19648K, reserved 1048576K
}
Event: 37.347 GC heap after
{Heap after GC invocations=46 (full 0):
 garbage-first heap   total 359424K, used 178945K [0x0000000080000000, 0x0000000100000000)
  region size 1024K, 2 young (2048K), 2 survivors (2048K)
 Metaspace       used 150323K, committed 151168K, reserved 1245184K
  class space    used 19197K, committed 19648K, reserved 1048576K
}
Event: 40.348 GC heap before
{Heap before GC invocations=46 (full 0):
 garbage-first heap   total 359424K, used 297729K [0x0000000080000000, 0x0000000100000000)
  region size 1024K, 117 young (119808K), 2 survivors (2048K)
 Metaspace       used 158122K, committed 158976K, reserved 1245184K
  class space    used 20499K, committed 20928K, reserved 1048576K
}
Event: 40.359 GC heap after
{Heap after GC invocations=47 (full 0):
 garbage-first heap   total 359424K, used 182949K [0x0000000080000000, 0x0000000100000000)
  region size 1024K, 6 young (6144K), 6 survivors (6144K)
 Metaspace       used 158122K, committed 158976K, reserved 1245184K
  class space    used 20499K, committed 20928K, reserved 1048576K
}
Event: 43.678 GC heap before
{Heap before GC invocations=47 (full 0):
 garbage-first heap   total 359424K, used 321189K [0x0000000080000000, 0x0000000100000000)
  region size 1024K, 120 young (122880K), 6 survivors (6144K)
 Metaspace       used 170894K, committed 171840K, reserved 1245184K
  class space    used 22051K, committed 22528K, reserved 1048576K
}
Event: 43.708 GC heap after
{Heap after GC invocations=48 (full 0):
 garbage-first heap   total 359424K, used 201956K [0x0000000080000000, 0x0000000100000000)
  region size 1024K, 15 young (15360K), 15 survivors (15360K)
 Metaspace       used 170894K, committed 171840K, reserved 1245184K
  class space    used 22051K, committed 22528K, reserved 1048576K
}
Event: 46.560 GC heap before
{Heap before GC invocations=48 (full 0):
 garbage-first heap   total 359424K, used 300260K [0x0000000080000000, 0x0000000100000000)
  region size 1024K, 111 young (113664K), 15 survivors (15360K)
 Metaspace       used 179377K, committed 180416K, reserved 1245184K
  class space    used 23249K, committed 23744K, reserved 1048576K
}
Event: 46.615 GC heap after
{Heap after GC invocations=49 (full 0):
 garbage-first heap   total 359424K, used 206235K [0x0000000080000000, 0x0000000100000000)
  region size 1024K, 5 young (5120K), 5 survivors (5120K)
 Metaspace       used 179377K, committed 180416K, reserved 1245184K
  class space    used 23249K, committed 23744K, reserved 1048576K
}
Event: 47.623 GC heap before
{Heap before GC invocations=49 (full 0):
 garbage-first heap   total 359424K, used 305563K [0x0000000080000000, 0x0000000100000000)
  region size 1024K, 100 young (102400K), 5 survivors (5120K)
 Metaspace       used 180793K, committed 181760K, reserved 1245184K
  class space    used 23500K, committed 23936K, reserved 1048576K
}
Event: 47.649 GC heap after
{Heap after GC invocations=50 (full 0):
 garbage-first heap   total 359424K, used 209197K [0x0000000080000000, 0x0000000100000000)
  region size 1024K, 6 young (6144K), 6 survivors (6144K)
 Metaspace       used 180793K, committed 181760K, reserved 1245184K
  class space    used 23500K, committed 23936K, reserved 1048576K
}
Event: 48.165 GC heap before
{Heap before GC invocations=50 (full 0):
 garbage-first heap   total 359424K, used 307501K [0x0000000080000000, 0x0000000100000000)
  region size 1024K, 100 young (102400K), 6 survivors (6144K)
 Metaspace       used 181263K, committed 182208K, reserved 1245184K
  class space    used 23528K, committed 24000K, reserved 1048576K
}
Event: 48.168 GC heap after
{Heap after GC invocations=51 (full 0):
 garbage-first heap   total 359424K, used 211421K [0x0000000080000000, 0x0000000100000000)
  region size 1024K, 8 young (8192K), 8 survivors (8192K)
 Metaspace       used 181263K, committed 182208K, reserved 1245184K
  class space    used 23528K, committed 24000K, reserved 1048576K
}
Event: 48.569 GC heap before
{Heap before GC invocations=51 (full 0):
 garbage-first heap   total 359424K, used 306653K [0x0000000080000000, 0x0000000100000000)
  region size 1024K, 101 young (103424K), 8 survivors (8192K)
 Metaspace       used 181286K, committed 182208K, reserved 1245184K
  class space    used 23528K, committed 24000K, reserved 1048576K
}
Event: 48.578 GC heap after
{Heap after GC invocations=52 (full 0):
 garbage-first heap   total 359424K, used 211719K [0x0000000080000000, 0x0000000100000000)
  region size 1024K, 5 young (5120K), 5 survivors (5120K)
 Metaspace       used 181286K, committed 182208K, reserved 1245184K
  class space    used 23528K, committed 24000K, reserved 1048576K
}
Event: 49.019 GC heap before
{Heap before GC invocations=52 (full 0):
 garbage-first heap   total 359424K, used 308999K [0x0000000080000000, 0x0000000100000000)
  region size 1024K, 100 young (102400K), 5 survivors (5120K)
 Metaspace       used 181303K, committed 182272K, reserved 1245184K
  class space    used 23530K, committed 24000K, reserved 1048576K
}
Event: 49.021 GC heap after
{Heap after GC invocations=53 (full 0):
 garbage-first heap   total 359424K, used 211871K [0x0000000080000000, 0x0000000100000000)
  region size 1024K, 5 young (5120K), 5 survivors (5120K)
 Metaspace       used 181303K, committed 182272K, reserved 1245184K
  class space    used 23530K, committed 24000K, reserved 1048576K
}

