# JRE version: OpenJDK Runtime Environment (17.0.10) (build 17.0.10+0--11609105)
# Java VM: OpenJDK 64-Bit Server VM (17.0.10+0--11609105, mixed mode, tiered, compressed oops, compressed class ptrs, g1 gc, windows-amd64)
GC Precious Log:
 CPUs: 12 total, 12 available
 Memory: 7885M
 Large Page Support: Disabled
 NUMA Support: Disabled
 Compressed Oops: Enabled (32-bit)
 Heap Region Size: 1M
 Heap Min Capacity: 8M
 Heap Initial Capacity: 124M
 Heap Max Capacity: 1972M
 Pre-touch: Disabled
 Parallel Workers: 10
 Concurrent Workers: 3
 Concurrent Refinement Workers: 10
 Periodic GC: Disabled
Heap:
 garbage-first heap   total 216064K, used 122845K [0x0000000084c00000, 0x0000000100000000)
  region size 1024K, 4 young (4096K), 4 survivors (4096K)
 Metaspace       used 79842K, committed 80192K, reserved 1179648K
  class space    used 8593K, committed 8768K, reserved 1048576K
GC Heap History (20 events):
Event: 8.644 GC heap after
{Heap after GC invocations=22 (full 0):
 garbage-first heap   total 216064K, used 52490K [0x0000000084c00000, 0x0000000100000000)
  region size 1024K, 1 young (1024K), 1 survivors (1024K)
 Metaspace       used 53665K, committed 53888K, reserved 1114112K
  class space    used 6325K, committed 6400K, reserved 1048576K
}
Event: 11.360 GC heap before
{Heap before GC invocations=22 (full 0):
 garbage-first heap   total 216064K, used 170250K [0x0000000084c00000, 0x0000000100000000)
  region size 1024K, 115 young (117760K), 1 survivors (1024K)
 Metaspace       used 57587K, committed 57792K, reserved 1114112K
  class space    used 6696K, committed 6784K, reserved 1048576K
}
Event: 11.374 GC heap after
{Heap after GC invocations=23 (full 0):
 garbage-first heap   total 216064K, used 62650K [0x0000000084c00000, 0x0000000100000000)
  region size 1024K, 10 young (10240K), 10 survivors (10240K)
 Metaspace       used 57587K, committed 57792K, reserved 1114112K
  class space    used 6696K, committed 6784K, reserved 1048576K
}
Event: 16.545 GC heap before
{Heap before GC invocations=23 (full 0):
 garbage-first heap   total 216064K, used 171194K [0x0000000084c00000, 0x0000000100000000)
  region size 1024K, 114 young (116736K), 10 survivors (10240K)
 Metaspace       used 60689K, committed 60928K, reserved 1114112K
  class space    used 6829K, committed 6976K, reserved 1048576K
}
Event: 16.572 GC heap after
{Heap after GC invocations=24 (full 0):
 garbage-first heap   total 216064K, used 74428K [0x0000000084c00000, 0x0000000100000000)
  region size 1024K, 10 young (10240K), 10 survivors (10240K)
 Metaspace       used 60689K, committed 60928K, reserved 1114112K
  class space    used 6829K, committed 6976K, reserved 1048576K
}
Event: 20.031 GC heap before
{Heap before GC invocations=24 (full 0):
 garbage-first heap   total 216064K, used 167612K [0x0000000084c00000, 0x0000000100000000)
  region size 1024K, 101 young (103424K), 10 survivors (10240K)
 Metaspace       used 62158K, committed 62400K, reserved 1114112K
  class space    used 6926K, committed 7040K, reserved 1048576K
}
Event: 20.052 GC heap after
{Heap after GC invocations=25 (full 0):
 garbage-first heap   total 216064K, used 83295K [0x0000000084c00000, 0x0000000100000000)
  region size 1024K, 9 young (9216K), 9 survivors (9216K)
 Metaspace       used 62158K, committed 62400K, reserved 1114112K
  class space    used 6926K, committed 7040K, reserved 1048576K
}
Event: 22.221 GC heap before
{Heap before GC invocations=25 (full 0):
 garbage-first heap   total 216064K, used 170335K [0x0000000084c00000, 0x0000000100000000)
  region size 1024K, 94 young (96256K), 9 survivors (9216K)
 Metaspace       used 63095K, committed 63360K, reserved 1114112K
  class space    used 6980K, committed 7104K, reserved 1048576K
}
Event: 22.239 GC heap after
{Heap after GC invocations=26 (full 0):
 garbage-first heap   total 216064K, used 88765K [0x0000000084c00000, 0x0000000100000000)
  region size 1024K, 5 young (5120K), 5 survivors (5120K)
 Metaspace       used 63095K, committed 63360K, reserved 1114112K
  class space    used 6980K, committed 7104K, reserved 1048576K
}
Event: 24.290 GC heap before
{Heap before GC invocations=26 (full 0):
 garbage-first heap   total 216064K, used 173757K [0x0000000084c00000, 0x0000000100000000)
  region size 1024K, 88 young (90112K), 5 survivors (5120K)
 Metaspace       used 69145K, committed 69440K, reserved 1114112K
  class space    used 7559K, committed 7744K, reserved 1048576K
}
Event: 24.313 GC heap after
{Heap after GC invocations=27 (full 0):
 garbage-first heap   total 216064K, used 100310K [0x0000000084c00000, 0x0000000100000000)
  region size 1024K, 11 young (11264K), 11 survivors (11264K)
 Metaspace       used 69145K, committed 69440K, reserved 1114112K
  class space    used 7559K, committed 7744K, reserved 1048576K
}
Event: 25.341 GC heap before
{Heap before GC invocations=27 (full 0):
 garbage-first heap   total 216064K, used 171990K [0x0000000084c00000, 0x0000000100000000)
  region size 1024K, 81 young (82944K), 11 survivors (11264K)
 Metaspace       used 71672K, committed 71936K, reserved 1114112K
  class space    used 7858K, committed 8000K, reserved 1048576K
}
Event: 25.367 GC heap after
{Heap after GC invocations=28 (full 0):
 garbage-first heap   total 216064K, used 112477K [0x0000000084c00000, 0x0000000100000000)
  region size 1024K, 11 young (11264K), 11 survivors (11264K)
 Metaspace       used 71672K, committed 71936K, reserved 1114112K
  class space    used 7858K, committed 8000K, reserved 1048576K
}
Event: 26.970 GC heap before
{Heap before GC invocations=28 (full 0):
 garbage-first heap   total 216064K, used 171869K [0x0000000084c00000, 0x0000000100000000)
  region size 1024K, 69 young (70656K), 11 survivors (11264K)
 Metaspace       used 78762K, committed 79104K, reserved 1179648K
  class space    used 8553K, committed 8704K, reserved 1048576K
}
Event: 26.987 GC heap after
{Heap after GC invocations=29 (full 0):
 garbage-first heap   total 216064K, used 119024K [0x0000000084c00000, 0x0000000100000000)
  region size 1024K, 6 young (6144K), 6 survivors (6144K)
 Metaspace       used 78762K, committed 79104K, reserved 1179648K
  class space    used 8553K, committed 8704K, reserved 1048576K
}
Event: 27.643 GC heap before
{Heap before GC invocations=29 (full 0):
 garbage-first heap   total 216064K, used 173296K [0x0000000084c00000, 0x0000000100000000)
  region size 1024K, 59 young (60416K), 6 survivors (6144K)
 Metaspace       used 79532K, committed 79872K, reserved 1179648K
  class space    used 8585K, committed 8768K, reserved 1048576K
}
Event: 27.656 GC heap after
{Heap after GC invocations=30 (full 0):
 garbage-first heap   total 216064K, used 121354K [0x0000000084c00000, 0x0000000100000000)
  region size 1024K, 3 young (3072K), 3 survivors (3072K)
 Metaspace       used 79532K, committed 79872K, reserved 1179648K
  class space    used 8585K, committed 8768K, reserved 1048576K
}
Event: 27.920 GC heap before
{Heap before GC invocations=30 (full 0):
 garbage-first heap   total 216064K, used 175626K [0x0000000084c00000, 0x0000000100000000)
  region size 1024K, 56 young (57344K), 3 survivors (3072K)
 Metaspace       used 79669K, committed 80064K, reserved 1179648K
  class space    used 8585K, committed 8768K, reserved 1048576K
}
Event: 27.929 GC heap after
{Heap after GC invocations=31 (full 0):
 garbage-first heap   total 216064K, used 121856K [0x0000000084c00000, 0x0000000100000000)
  region size 1024K, 3 young (3072K), 3 survivors (3072K)
 Metaspace       used 79669K, committed 80064K, reserved 1179648K
  class space    used 8585K, committed 8768K, reserved 1048576K
}
Event: 28.202 GC heap before
{Heap before GC invocations=31 (full 0):
 garbage-first heap   total 216064K, used 178176K [0x0000000084c00000, 0x0000000100000000)
  region size 1024K, 58 young (59392K), 3 survivors (3072K)
 Metaspace       used 79842K, committed 80192K, reserved 1179648K
  class space    used 8593K, committed 8768K, reserved 1048576K
}

