# JRE version: OpenJDK Runtime Environment (17.0.10) (build 17.0.10+0--11609105)
# Java VM: OpenJDK 64-Bit Server VM (17.0.10+0--11609105, mixed mode, tiered, compressed oops, compressed class ptrs, g1 gc, windows-amd64)
GC Precious Log:
 CPUs: 12 total, 10 available
 Memory: 7885M
 Large Page Support: Disabled
 NUMA Support: Disabled
 Compressed Oops: Enabled (32-bit)
 Heap Region Size: 1M
 Heap Min Capacity: 8M
 Heap Initial Capacity: 124M
 Heap Max Capacity: 2G
 Pre-touch: Disabled
 Parallel Workers: 9
 Concurrent Workers: 2
 Concurrent Refinement Workers: 9
 Periodic GC: Disabled
Heap:
 garbage-first heap   total 209920K, used 147631K [0x0000000080000000, 0x0000000100000000)
  region size 1024K, 5 young (5120K), 5 survivors (5120K)
 Metaspace       used 128642K, committed 129408K, reserved 1179648K
  class space    used 16715K, committed 17088K, reserved 1048576K
GC Heap History (20 events):
Event: 35.376 GC heap after
{Heap after GC invocations=51 (full 0):
 garbage-first heap   total 209920K, used 102055K [0x0000000080000000, 0x0000000100000000)
  region size 1024K, 4 young (4096K), 4 survivors (4096K)
 Metaspace       used 98504K, committed 99200K, reserved 1179648K
  class space    used 13383K, committed 13696K, reserved 1048576K
}
Event: 36.393 GC heap before
{Heap before GC invocations=52 (full 0):
 garbage-first heap   total 209920K, used 172711K [0x0000000080000000, 0x0000000100000000)
  region size 1024K, 72 young (73728K), 4 survivors (4096K)
 Metaspace       used 101653K, committed 102400K, reserved 1179648K
  class space    used 13733K, committed 14080K, reserved 1048576K
}
Event: 36.398 GC heap after
{Heap after GC invocations=53 (full 0):
 garbage-first heap   total 209920K, used 105954K [0x0000000080000000, 0x0000000100000000)
  region size 1024K, 8 young (8192K), 8 survivors (8192K)
 Metaspace       used 101653K, committed 102400K, reserved 1179648K
  class space    used 13733K, committed 14080K, reserved 1048576K
}
Event: 36.436 GC heap before
{Heap before GC invocations=53 (full 0):
 garbage-first heap   total 209920K, used 106978K [0x0000000080000000, 0x0000000100000000)
  region size 1024K, 10 young (10240K), 8 survivors (8192K)
 Metaspace       used 101922K, committed 102656K, reserved 1179648K
  class space    used 13777K, committed 14144K, reserved 1048576K
}
Event: 36.441 GC heap after
{Heap after GC invocations=54 (full 0):
 garbage-first heap   total 209920K, used 106326K [0x0000000080000000, 0x0000000100000000)
  region size 1024K, 2 young (2048K), 2 survivors (2048K)
 Metaspace       used 101922K, committed 102656K, reserved 1179648K
  class space    used 13777K, committed 14144K, reserved 1048576K
}
Event: 37.852 GC heap before
{Heap before GC invocations=54 (full 0):
 garbage-first heap   total 209920K, used 171862K [0x0000000080000000, 0x0000000100000000)
  region size 1024K, 67 young (68608K), 2 survivors (2048K)
 Metaspace       used 109504K, committed 110272K, reserved 1179648K
  class space    used 14635K, committed 14976K, reserved 1048576K
}
Event: 37.860 GC heap after
{Heap after GC invocations=55 (full 0):
 garbage-first heap   total 209920K, used 108962K [0x0000000080000000, 0x0000000100000000)
  region size 1024K, 4 young (4096K), 4 survivors (4096K)
 Metaspace       used 109504K, committed 110272K, reserved 1179648K
  class space    used 14635K, committed 14976K, reserved 1048576K
}
Event: 39.205 GC heap before
{Heap before GC invocations=56 (full 0):
 garbage-first heap   total 209920K, used 172450K [0x0000000080000000, 0x0000000100000000)
  region size 1024K, 67 young (68608K), 4 survivors (4096K)
 Metaspace       used 119150K, committed 119936K, reserved 1179648K
  class space    used 15590K, committed 15936K, reserved 1048576K
}
Event: 39.216 GC heap after
{Heap after GC invocations=57 (full 0):
 garbage-first heap   total 209920K, used 109687K [0x0000000080000000, 0x0000000100000000)
  region size 1024K, 5 young (5120K), 5 survivors (5120K)
 Metaspace       used 119150K, committed 119936K, reserved 1179648K
  class space    used 15590K, committed 15936K, reserved 1048576K
}
Event: 39.413 GC heap before
{Heap before GC invocations=57 (full 0):
 garbage-first heap   total 209920K, used 114807K [0x0000000080000000, 0x0000000100000000)
  region size 1024K, 10 young (10240K), 5 survivors (5120K)
 Metaspace       used 119642K, committed 120384K, reserved 1179648K
  class space    used 15665K, committed 16000K, reserved 1048576K
}
Event: 39.424 GC heap after
{Heap after GC invocations=58 (full 0):
 garbage-first heap   total 209920K, used 109742K [0x0000000080000000, 0x0000000100000000)
  region size 1024K, 1 young (1024K), 1 survivors (1024K)
 Metaspace       used 119642K, committed 120384K, reserved 1179648K
  class space    used 15665K, committed 16000K, reserved 1048576K
}
Event: 44.741 GC heap before
{Heap before GC invocations=58 (full 0):
 garbage-first heap   total 209920K, used 176302K [0x0000000080000000, 0x0000000100000000)
  region size 1024K, 66 young (67584K), 1 survivors (1024K)
 Metaspace       used 128159K, committed 128832K, reserved 1179648K
  class space    used 16693K, committed 17024K, reserved 1048576K
}
Event: 44.766 GC heap after
{Heap after GC invocations=59 (full 0):
 garbage-first heap   total 209920K, used 117783K [0x0000000080000000, 0x0000000100000000)
  region size 1024K, 9 young (9216K), 9 survivors (9216K)
 Metaspace       used 128159K, committed 128832K, reserved 1179648K
  class space    used 16693K, committed 17024K, reserved 1048576K
}
Event: 45.418 GC heap before
{Heap before GC invocations=59 (full 0):
 garbage-first heap   total 209920K, used 145431K [0x0000000080000000, 0x0000000100000000)
  region size 1024K, 37 young (37888K), 9 survivors (9216K)
 Metaspace       used 128516K, committed 129280K, reserved 1179648K
  class space    used 16714K, committed 17088K, reserved 1048576K
}
Event: 45.433 GC heap after
{Heap after GC invocations=60 (full 0):
 garbage-first heap   total 209920K, used 118628K [0x0000000080000000, 0x0000000100000000)
  region size 1024K, 4 young (4096K), 4 survivors (4096K)
 Metaspace       used 128516K, committed 129280K, reserved 1179648K
  class space    used 16714K, committed 17088K, reserved 1048576K
}
Event: 46.264 GC heap before
{Heap before GC invocations=61 (full 0):
 garbage-first heap   total 209920K, used 180068K [0x0000000080000000, 0x0000000100000000)
  region size 1024K, 57 young (58368K), 4 survivors (4096K)
 Metaspace       used 128522K, committed 129280K, reserved 1179648K
  class space    used 16714K, committed 17088K, reserved 1048576K
}
Event: 46.293 GC heap after
{Heap after GC invocations=62 (full 0):
 garbage-first heap   total 209920K, used 132404K [0x0000000080000000, 0x0000000100000000)
  region size 1024K, 8 young (8192K), 8 survivors (8192K)
 Metaspace       used 128522K, committed 129280K, reserved 1179648K
  class space    used 16714K, committed 17088K, reserved 1048576K
}
Event: 46.301 GC heap before
{Heap before GC invocations=62 (full 0):
 garbage-first heap   total 209920K, used 134452K [0x0000000080000000, 0x0000000100000000)
  region size 1024K, 10 young (10240K), 8 survivors (8192K)
 Metaspace       used 128522K, committed 129280K, reserved 1179648K
  class space    used 16714K, committed 17088K, reserved 1048576K
}
Event: 46.314 GC heap after
{Heap after GC invocations=63 (full 0):
 garbage-first heap   total 209920K, used 131199K [0x0000000080000000, 0x0000000100000000)
  region size 1024K, 1 young (1024K), 1 survivors (1024K)
 Metaspace       used 128522K, committed 129280K, reserved 1179648K
  class space    used 16714K, committed 17088K, reserved 1048576K
}
Event: 46.618 GC heap before
{Heap before GC invocations=63 (full 0):
 garbage-first heap   total 209920K, used 179327K [0x0000000080000000, 0x0000000100000000)
  region size 1024K, 38 young (38912K), 1 survivors (1024K)
 Metaspace       used 128642K, committed 129408K, reserved 1179648K
  class space    used 16715K, committed 17088K, reserved 1048576K
}

