# JRE version: OpenJDK Runtime Environment (17.0.10) (build 17.0.10+0--11609105)
# Java VM: OpenJDK 64-Bit Server VM (17.0.10+0--11609105, mixed mode, tiered, compressed oops, compressed class ptrs, g1 gc, windows-amd64)
GC Precious Log:
 CPUs: 12 total, 12 available
 Memory: 7885M
 Large Page Support: Disabled
 NUMA Support: Disabled
 Compressed Oops: Enabled (32-bit)
 Heap Region Size: 1M
 Heap Min Capacity: 8M
 Heap Initial Capacity: 124M
 Heap Max Capacity: 2G
 Pre-touch: Disabled
 Parallel Workers: 10
 Concurrent Workers: 3
 Concurrent Refinement Workers: 10
 Periodic GC: Disabled
Heap:
 garbage-first heap   total 421888K, used 232015K [0x0000000080000000, 0x0000000100000000)
  region size 1024K, 4 young (4096K), 4 survivors (4096K)
 Metaspace       used 161644K, committed 162944K, reserved 1245184K
  class space    used 21662K, committed 22272K, reserved 1048576K
GC Heap History (20 events):
Event: 42.539 GC heap after
{Heap after GC invocations=48 (full 0):
 garbage-first heap   total 421888K, used 227132K [0x0000000080000000, 0x0000000100000000)
  region size 1024K, 13 young (13312K), 13 survivors (13312K)
 Metaspace       used 135194K, committed 136256K, reserved 1179648K
  class space    used 17924K, committed 18432K, reserved 1048576K
}
Event: 161.493 GC heap before
{Heap before GC invocations=49 (full 0):
 garbage-first heap   total 421888K, used 350012K [0x0000000080000000, 0x0000000100000000)
  region size 1024K, 134 young (137216K), 13 survivors (13312K)
 Metaspace       used 136856K, committed 137984K, reserved 1179648K
  class space    used 18117K, committed 18624K, reserved 1048576K
}
Event: 161.556 GC heap after
{Heap after GC invocations=50 (full 0):
 garbage-first heap   total 421888K, used 228602K [0x0000000080000000, 0x0000000100000000)
  region size 1024K, 9 young (9216K), 9 survivors (9216K)
 Metaspace       used 136856K, committed 137984K, reserved 1179648K
  class space    used 18117K, committed 18624K, reserved 1048576K
}
Event: 161.627 GC heap before
{Heap before GC invocations=50 (full 0):
 garbage-first heap   total 421888K, used 239866K [0x0000000080000000, 0x0000000100000000)
  region size 1024K, 20 young (20480K), 9 survivors (9216K)
 Metaspace       used 136859K, committed 137984K, reserved 1179648K
  class space    used 18118K, committed 18624K, reserved 1048576K
}
Event: 161.662 GC heap after
{Heap after GC invocations=51 (full 0):
 garbage-first heap   total 421888K, used 218565K [0x0000000080000000, 0x0000000100000000)
  region size 1024K, 2 young (2048K), 2 survivors (2048K)
 Metaspace       used 136859K, committed 137984K, reserved 1179648K
  class space    used 18118K, committed 18624K, reserved 1048576K
}
Event: 167.220 GC heap before
{Heap before GC invocations=51 (full 0):
 garbage-first heap   total 421888K, used 351685K [0x0000000080000000, 0x0000000100000000)
  region size 1024K, 133 young (136192K), 2 survivors (2048K)
 Metaspace       used 140860K, committed 142016K, reserved 1179648K
  class space    used 18554K, committed 19072K, reserved 1048576K
}
Event: 167.294 GC heap after
{Heap after GC invocations=52 (full 0):
 garbage-first heap   total 421888K, used 231950K [0x0000000080000000, 0x0000000100000000)
  region size 1024K, 15 young (15360K), 15 survivors (15360K)
 Metaspace       used 140860K, committed 142016K, reserved 1179648K
  class space    used 18554K, committed 19072K, reserved 1048576K
}
Event: 168.582 GC heap before
{Heap before GC invocations=52 (full 0):
 garbage-first heap   total 421888K, used 282126K [0x0000000080000000, 0x0000000100000000)
  region size 1024K, 66 young (67584K), 15 survivors (15360K)
 Metaspace       used 142571K, committed 143744K, reserved 1179648K
  class space    used 18777K, committed 19328K, reserved 1048576K
}
Event: 168.629 GC heap after
{Heap after GC invocations=53 (full 0):
 garbage-first heap   total 421888K, used 236111K [0x0000000080000000, 0x0000000100000000)
  region size 1024K, 6 young (6144K), 6 survivors (6144K)
 Metaspace       used 142571K, committed 143744K, reserved 1179648K
  class space    used 18777K, committed 19328K, reserved 1048576K
}
Event: 342.038 GC heap before
{Heap before GC invocations=54 (full 0):
 garbage-first heap   total 421888K, used 394831K [0x0000000080000000, 0x0000000100000000)
  region size 1024K, 108 young (110592K), 6 survivors (6144K)
 Metaspace       used 143441K, committed 144704K, reserved 1179648K
  class space    used 18870K, committed 19520K, reserved 1048576K
}
Event: 342.143 GC heap after
{Heap after GC invocations=55 (full 0):
 garbage-first heap   total 421888K, used 242146K [0x0000000080000000, 0x0000000100000000)
  region size 1024K, 12 young (12288K), 12 survivors (12288K)
 Metaspace       used 143441K, committed 144704K, reserved 1179648K
  class space    used 18870K, committed 19520K, reserved 1048576K
}
Event: 342.203 GC heap before
{Heap before GC invocations=55 (full 0):
 garbage-first heap   total 421888K, used 250338K [0x0000000080000000, 0x0000000100000000)
  region size 1024K, 20 young (20480K), 12 survivors (12288K)
 Metaspace       used 143468K, committed 144768K, reserved 1179648K
  class space    used 18873K, committed 19520K, reserved 1048576K
}
Event: 342.283 GC heap after
{Heap after GC invocations=56 (full 0):
 garbage-first heap   total 421888K, used 228963K [0x0000000080000000, 0x0000000100000000)
  region size 1024K, 3 young (3072K), 3 survivors (3072K)
 Metaspace       used 143468K, committed 144768K, reserved 1179648K
  class space    used 18873K, committed 19520K, reserved 1048576K
}
Event: 352.194 GC heap before
{Heap before GC invocations=56 (full 0):
 garbage-first heap   total 421888K, used 276067K [0x0000000080000000, 0x0000000100000000)
  region size 1024K, 51 young (52224K), 3 survivors (3072K)
 Metaspace       used 145879K, committed 147136K, reserved 1179648K
  class space    used 19248K, committed 19840K, reserved 1048576K
}
Event: 352.222 GC heap after
{Heap after GC invocations=57 (full 0):
 garbage-first heap   total 421888K, used 230113K [0x0000000080000000, 0x0000000100000000)
  region size 1024K, 4 young (4096K), 4 survivors (4096K)
 Metaspace       used 145879K, committed 147136K, reserved 1179648K
  class space    used 19248K, committed 19840K, reserved 1048576K
}
Event: 353.772 GC heap before
{Heap before GC invocations=58 (full 0):
 garbage-first heap   total 421888K, used 342753K [0x0000000080000000, 0x0000000100000000)
  region size 1024K, 115 young (117760K), 4 survivors (4096K)
 Metaspace       used 155750K, committed 156992K, reserved 1245184K
  class space    used 20772K, committed 21376K, reserved 1048576K
}
Event: 353.845 GC heap after
{Heap after GC invocations=59 (full 0):
 garbage-first heap   total 421888K, used 239441K [0x0000000080000000, 0x0000000100000000)
  region size 1024K, 15 young (15360K), 15 survivors (15360K)
 Metaspace       used 155750K, committed 156992K, reserved 1245184K
  class space    used 20772K, committed 21376K, reserved 1048576K
}
Event: 353.886 GC heap before
{Heap before GC invocations=59 (full 0):
 garbage-first heap   total 421888K, used 244561K [0x0000000080000000, 0x0000000100000000)
  region size 1024K, 20 young (20480K), 15 survivors (15360K)
 Metaspace       used 156347K, committed 157632K, reserved 1245184K
  class space    used 20868K, committed 21504K, reserved 1048576K
}
Event: 353.976 GC heap after
{Heap after GC invocations=60 (full 0):
 garbage-first heap   total 421888K, used 230701K [0x0000000080000000, 0x0000000100000000)
  region size 1024K, 2 young (2048K), 2 survivors (2048K)
 Metaspace       used 156347K, committed 157632K, reserved 1245184K
  class space    used 20868K, committed 21504K, reserved 1048576K
}
Event: 354.786 GC heap before
{Heap before GC invocations=60 (full 0):
 garbage-first heap   total 421888K, used 344365K [0x0000000080000000, 0x0000000100000000)
  region size 1024K, 113 young (115712K), 2 survivors (2048K)
 Metaspace       used 161644K, committed 162944K, reserved 1245184K
  class space    used 21662K, committed 22272K, reserved 1048576K
}

