# JRE version: OpenJDK Runtime Environment (17.0.10) (build 17.0.10+0--11609105)
# Java VM: OpenJDK 64-Bit Server VM (17.0.10+0--11609105, mixed mode, tiered, compressed oops, compressed class ptrs, g1 gc, windows-amd64)
GC Precious Log:
 CPUs: 12 total, 12 available
 Memory: 7885M
 Large Page Support: Disabled
 NUMA Support: Disabled
 Compressed Oops: Enabled (32-bit)
 Heap Region Size: 1M
 Heap Min Capacity: 8M
 Heap Initial Capacity: 124M
 Heap Max Capacity: 1972M
 Pre-touch: Disabled
 Parallel Workers: 10
 Concurrent Workers: 3
 Concurrent Refinement Workers: 10
 Periodic GC: Disabled
Heap:
 garbage-first heap   total 92160K, used 44231K [0x0000000084c00000, 0x0000000100000000)
  region size 1024K, 1 young (1024K), 1 survivors (1024K)
 Metaspace       used 51766K, committed 51968K, reserved 1114112K
  class space    used 6116K, committed 6208K, reserved 1048576K
GC Heap History (20 events):
Event: 4.048 GC heap after
{Heap after GC invocations=10 (full 0):
 garbage-first heap   total 57344K, used 20543K [0x0000000084c00000, 0x0000000100000000)
  region size 1024K, 4 young (4096K), 4 survivors (4096K)
 Metaspace       used 40548K, committed 40768K, reserved 1114112K
  class space    used 4974K, committed 5120K, reserved 1048576K
}
Event: 5.114 GC heap before
{Heap before GC invocations=10 (full 0):
 garbage-first heap   total 57344K, used 44095K [0x0000000084c00000, 0x0000000100000000)
  region size 1024K, 26 young (26624K), 4 survivors (4096K)
 Metaspace       used 46327K, committed 46528K, reserved 1114112K
  class space    used 5643K, committed 5760K, reserved 1048576K
}
Event: 5.123 GC heap after
{Heap after GC invocations=11 (full 0):
 garbage-first heap   total 57344K, used 25029K [0x0000000084c00000, 0x0000000100000000)
  region size 1024K, 3 young (3072K), 3 survivors (3072K)
 Metaspace       used 46327K, committed 46528K, reserved 1114112K
  class space    used 5643K, committed 5760K, reserved 1048576K
}
Event: 5.346 GC heap before
{Heap before GC invocations=11 (full 0):
 garbage-first heap   total 57344K, used 45509K [0x0000000084c00000, 0x0000000100000000)
  region size 1024K, 22 young (22528K), 3 survivors (3072K)
 Metaspace       used 46985K, committed 47232K, reserved 1114112K
  class space    used 5700K, committed 5824K, reserved 1048576K
}
Event: 5.356 GC heap after
{Heap after GC invocations=12 (full 0):
 garbage-first heap   total 57344K, used 29944K [0x0000000084c00000, 0x0000000100000000)
  region size 1024K, 3 young (3072K), 3 survivors (3072K)
 Metaspace       used 46985K, committed 47232K, reserved 1114112K
  class space    used 5700K, committed 5824K, reserved 1048576K
}
Event: 5.577 GC heap before
{Heap before GC invocations=12 (full 0):
 garbage-first heap   total 57344K, used 42232K [0x0000000084c00000, 0x0000000100000000)
  region size 1024K, 16 young (16384K), 3 survivors (3072K)
 Metaspace       used 48020K, committed 48256K, reserved 1114112K
  class space    used 5817K, committed 5888K, reserved 1048576K
}
Event: 5.588 GC heap after
{Heap after GC invocations=13 (full 0):
 garbage-first heap   total 69632K, used 31452K [0x0000000084c00000, 0x0000000100000000)
  region size 1024K, 1 young (1024K), 1 survivors (1024K)
 Metaspace       used 48020K, committed 48256K, reserved 1114112K
  class space    used 5817K, committed 5888K, reserved 1048576K
}
Event: 6.410 GC heap before
{Heap before GC invocations=14 (full 0):
 garbage-first heap   total 69632K, used 52956K [0x0000000084c00000, 0x0000000100000000)
  region size 1024K, 22 young (22528K), 1 survivors (1024K)
 Metaspace       used 50153K, committed 50432K, reserved 1114112K
  class space    used 6034K, committed 6144K, reserved 1048576K
}
Event: 6.421 GC heap after
{Heap after GC invocations=15 (full 0):
 garbage-first heap   total 69632K, used 35840K [0x0000000084c00000, 0x0000000100000000)
  region size 1024K, 3 young (3072K), 3 survivors (3072K)
 Metaspace       used 50153K, committed 50432K, reserved 1114112K
  class space    used 6034K, committed 6144K, reserved 1048576K
}
Event: 7.190 GC heap before
{Heap before GC invocations=15 (full 0):
 garbage-first heap   total 69632K, used 53248K [0x0000000084c00000, 0x0000000100000000)
  region size 1024K, 20 young (20480K), 3 survivors (3072K)
 Metaspace       used 50998K, committed 51200K, reserved 1114112K
  class space    used 6056K, committed 6144K, reserved 1048576K
}
Event: 7.206 GC heap after
{Heap after GC invocations=16 (full 0):
 garbage-first heap   total 69632K, used 39146K [0x0000000084c00000, 0x0000000100000000)
  region size 1024K, 3 young (3072K), 3 survivors (3072K)
 Metaspace       used 50998K, committed 51200K, reserved 1114112K
  class space    used 6056K, committed 6144K, reserved 1048576K
}
Event: 7.542 GC heap before
{Heap before GC invocations=17 (full 0):
 garbage-first heap   total 69632K, used 53482K [0x0000000084c00000, 0x0000000100000000)
  region size 1024K, 17 young (17408K), 3 survivors (3072K)
 Metaspace       used 51166K, committed 51328K, reserved 1114112K
  class space    used 6061K, committed 6144K, reserved 1048576K
}
Event: 7.556 GC heap after
{Heap after GC invocations=18 (full 0):
 garbage-first heap   total 69632K, used 42264K [0x0000000084c00000, 0x0000000100000000)
  region size 1024K, 3 young (3072K), 3 survivors (3072K)
 Metaspace       used 51166K, committed 51328K, reserved 1114112K
  class space    used 6061K, committed 6144K, reserved 1048576K
}
Event: 7.590 GC heap before
{Heap before GC invocations=18 (full 0):
 garbage-first heap   total 69632K, used 43288K [0x0000000084c00000, 0x0000000100000000)
  region size 1024K, 4 young (4096K), 3 survivors (3072K)
 Metaspace       used 51182K, committed 51392K, reserved 1114112K
  class space    used 6061K, committed 6144K, reserved 1048576K
}
Event: 7.601 GC heap after
{Heap after GC invocations=19 (full 0):
 garbage-first heap   total 69632K, used 39365K [0x0000000084c00000, 0x0000000100000000)
  region size 1024K, 1 young (1024K), 1 survivors (1024K)
 Metaspace       used 51182K, committed 51392K, reserved 1114112K
  class space    used 6061K, committed 6144K, reserved 1048576K
}
Event: 7.864 GC heap before
{Heap before GC invocations=19 (full 0):
 garbage-first heap   total 69632K, used 53701K [0x0000000084c00000, 0x0000000100000000)
  region size 1024K, 15 young (15360K), 1 survivors (1024K)
 Metaspace       used 51324K, committed 51520K, reserved 1114112K
  class space    used 6064K, committed 6144K, reserved 1048576K
}
Event: 7.872 GC heap after
{Heap after GC invocations=20 (full 0):
 garbage-first heap   total 69632K, used 41984K [0x0000000084c00000, 0x0000000100000000)
  region size 1024K, 2 young (2048K), 2 survivors (2048K)
 Metaspace       used 51324K, committed 51520K, reserved 1114112K
  class space    used 6064K, committed 6144K, reserved 1048576K
}
Event: 8.078 GC heap before
{Heap before GC invocations=21 (full 0):
 garbage-first heap   total 71680K, used 55296K [0x0000000084c00000, 0x0000000100000000)
  region size 1024K, 15 young (15360K), 2 survivors (2048K)
 Metaspace       used 51512K, committed 51712K, reserved 1114112K
  class space    used 6091K, committed 6208K, reserved 1048576K
}
Event: 8.088 GC heap after
{Heap after GC invocations=22 (full 0):
 garbage-first heap   total 71680K, used 44362K [0x0000000084c00000, 0x0000000100000000)
  region size 1024K, 2 young (2048K), 2 survivors (2048K)
 Metaspace       used 51512K, committed 51712K, reserved 1114112K
  class space    used 6091K, committed 6208K, reserved 1048576K
}
Event: 8.120 GC heap before
{Heap before GC invocations=22 (full 0):
 garbage-first heap   total 71680K, used 45386K [0x0000000084c00000, 0x0000000100000000)
  region size 1024K, 3 young (3072K), 2 survivors (2048K)
 Metaspace       used 51766K, committed 51968K, reserved 1114112K
  class space    used 6116K, committed 6208K, reserved 1048576K
}

