# JRE version: OpenJDK Runtime Environment (17.0.10) (build 17.0.10+0--11609105)
# Java VM: OpenJDK 64-Bit Server VM (17.0.10+0--11609105, mixed mode, tiered, compressed oops, compressed class ptrs, g1 gc, windows-amd64)
GC Precious Log:
 CPUs: 12 total, 12 available
 Memory: 7885M
 Large Page Support: Disabled
 NUMA Support: Disabled
 Compressed Oops: Enabled (32-bit)
 Heap Region Size: 1M
 Heap Min Capacity: 8M
 Heap Initial Capacity: 124M
 Heap Max Capacity: 1972M
 Pre-touch: Disabled
 Parallel Workers: 10
 Concurrent Workers: 3
 Concurrent Refinement Workers: 10
 Periodic GC: Disabled
Heap:
 garbage-first heap   total 126976K, used 47621K [0x0000000084c00000, 0x0000000100000000)
  region size 1024K, 3 young (3072K), 3 survivors (3072K)
 Metaspace       used 55029K, committed 55296K, reserved 1114112K
  class space    used 6492K, committed 6592K, reserved 1048576K
GC Heap History (20 events):
Event: 3.871 GC heap after
{Heap after GC invocations=11 (full 0):
 garbage-first heap   total 57344K, used 24880K [0x0000000084c00000, 0x0000000100000000)
  region size 1024K, 3 young (3072K), 3 survivors (3072K)
 Metaspace       used 46251K, committed 46464K, reserved 1114112K
  class space    used 5644K, committed 5760K, reserved 1048576K
}
Event: 4.079 GC heap before
{Heap before GC invocations=11 (full 0):
 garbage-first heap   total 57344K, used 45360K [0x0000000084c00000, 0x0000000100000000)
  region size 1024K, 22 young (22528K), 3 survivors (3072K)
 Metaspace       used 46927K, committed 47168K, reserved 1114112K
  class space    used 5702K, committed 5824K, reserved 1048576K
}
Event: 4.093 GC heap after
{Heap after GC invocations=12 (full 0):
 garbage-first heap   total 69632K, used 29670K [0x0000000084c00000, 0x0000000100000000)
  region size 1024K, 3 young (3072K), 3 survivors (3072K)
 Metaspace       used 46927K, committed 47168K, reserved 1114112K
  class space    used 5702K, committed 5824K, reserved 1048576K
}
Event: 4.491 GC heap before
{Heap before GC invocations=12 (full 0):
 garbage-first heap   total 69632K, used 52198K [0x0000000084c00000, 0x0000000100000000)
  region size 1024K, 25 young (25600K), 3 survivors (3072K)
 Metaspace       used 48952K, committed 49152K, reserved 1114112K
  class space    used 5937K, committed 6016K, reserved 1048576K
}
Event: 4.502 GC heap after
{Heap after GC invocations=13 (full 0):
 garbage-first heap   total 69632K, used 32970K [0x0000000084c00000, 0x0000000100000000)
  region size 1024K, 3 young (3072K), 3 survivors (3072K)
 Metaspace       used 48952K, committed 49152K, reserved 1114112K
  class space    used 5937K, committed 6016K, reserved 1048576K
}
Event: 5.110 GC heap before
{Heap before GC invocations=13 (full 0):
 garbage-first heap   total 69632K, used 52426K [0x0000000084c00000, 0x0000000100000000)
  region size 1024K, 22 young (22528K), 3 survivors (3072K)
 Metaspace       used 50705K, committed 50944K, reserved 1114112K
  class space    used 6045K, committed 6144K, reserved 1048576K
}
Event: 5.123 GC heap after
{Heap after GC invocations=14 (full 0):
 garbage-first heap   total 69632K, used 36864K [0x0000000084c00000, 0x0000000100000000)
  region size 1024K, 3 young (3072K), 3 survivors (3072K)
 Metaspace       used 50705K, committed 50944K, reserved 1114112K
  class space    used 6045K, committed 6144K, reserved 1048576K
}
Event: 5.420 GC heap before
{Heap before GC invocations=14 (full 0):
 garbage-first heap   total 69632K, used 53248K [0x0000000084c00000, 0x0000000100000000)
  region size 1024K, 19 young (19456K), 3 survivors (3072K)
 Metaspace       used 51141K, committed 51328K, reserved 1114112K
  class space    used 6057K, committed 6144K, reserved 1048576K
}
Event: 5.434 GC heap after
{Heap after GC invocations=15 (full 0):
 garbage-first heap   total 69632K, used 40276K [0x0000000084c00000, 0x0000000100000000)
  region size 1024K, 3 young (3072K), 3 survivors (3072K)
 Metaspace       used 51141K, committed 51328K, reserved 1114112K
  class space    used 6057K, committed 6144K, reserved 1048576K
}
Event: 5.598 GC heap before
{Heap before GC invocations=16 (full 0):
 garbage-first heap   total 71680K, used 53588K [0x0000000084c00000, 0x0000000100000000)
  region size 1024K, 16 young (16384K), 3 survivors (3072K)
 Metaspace       used 51272K, committed 51456K, reserved 1114112K
  class space    used 6065K, committed 6144K, reserved 1048576K
}
Event: 5.607 GC heap after
{Heap after GC invocations=17 (full 0):
 garbage-first heap   total 71680K, used 43008K [0x0000000084c00000, 0x0000000100000000)
  region size 1024K, 2 young (2048K), 2 survivors (2048K)
 Metaspace       used 51272K, committed 51456K, reserved 1114112K
  class space    used 6065K, committed 6144K, reserved 1048576K
}
Event: 5.617 GC heap before
{Heap before GC invocations=17 (full 0):
 garbage-first heap   total 71680K, used 44032K [0x0000000084c00000, 0x0000000100000000)
  region size 1024K, 3 young (3072K), 2 survivors (2048K)
 Metaspace       used 51276K, committed 51456K, reserved 1114112K
  class space    used 6065K, committed 6144K, reserved 1048576K
}
Event: 5.627 GC heap after
{Heap after GC invocations=18 (full 0):
 garbage-first heap   total 104448K, used 40731K [0x0000000084c00000, 0x0000000100000000)
  region size 1024K, 1 young (1024K), 1 survivors (1024K)
 Metaspace       used 51276K, committed 51456K, reserved 1114112K
  class space    used 6065K, committed 6144K, reserved 1048576K
}
Event: 6.099 GC heap before
{Heap before GC invocations=18 (full 0):
 garbage-first heap   total 104448K, used 75547K [0x0000000084c00000, 0x0000000100000000)
  region size 1024K, 35 young (35840K), 1 survivors (1024K)
 Metaspace       used 53430K, committed 53696K, reserved 1114112K
  class space    used 6305K, committed 6400K, reserved 1048576K
}
Event: 6.108 GC heap after
{Heap after GC invocations=19 (full 0):
 garbage-first heap   total 104448K, used 44802K [0x0000000084c00000, 0x0000000100000000)
  region size 1024K, 5 young (5120K), 5 survivors (5120K)
 Metaspace       used 53430K, committed 53696K, reserved 1114112K
  class space    used 6305K, committed 6400K, reserved 1048576K
}
Event: 6.193 GC heap before
{Heap before GC invocations=19 (full 0):
 garbage-first heap   total 104448K, used 76546K [0x0000000084c00000, 0x0000000100000000)
  region size 1024K, 36 young (36864K), 5 survivors (5120K)
 Metaspace       used 53430K, committed 53696K, reserved 1114112K
  class space    used 6305K, committed 6400K, reserved 1048576K
}
Event: 6.200 GC heap after
{Heap after GC invocations=20 (full 0):
 garbage-first heap   total 104448K, used 45489K [0x0000000084c00000, 0x0000000100000000)
  region size 1024K, 1 young (1024K), 1 survivors (1024K)
 Metaspace       used 53430K, committed 53696K, reserved 1114112K
  class space    used 6305K, committed 6400K, reserved 1048576K
}
Event: 6.278 GC heap before
{Heap before GC invocations=20 (full 0):
 garbage-first heap   total 104448K, used 79281K [0x0000000084c00000, 0x0000000100000000)
  region size 1024K, 34 young (34816K), 1 survivors (1024K)
 Metaspace       used 53432K, committed 53696K, reserved 1114112K
  class space    used 6305K, committed 6400K, reserved 1048576K
}
Event: 6.278 GC heap after
{Heap after GC invocations=21 (full 0):
 garbage-first heap   total 104448K, used 44964K [0x0000000084c00000, 0x0000000100000000)
  region size 1024K, 1 young (1024K), 1 survivors (1024K)
 Metaspace       used 53432K, committed 53696K, reserved 1114112K
  class space    used 6305K, committed 6400K, reserved 1048576K
}
Event: 6.728 GC heap before
{Heap before GC invocations=21 (full 0):
 garbage-first heap   total 104448K, used 80804K [0x0000000084c00000, 0x0000000100000000)
  region size 1024K, 36 young (36864K), 1 survivors (1024K)
 Metaspace       used 55029K, committed 55296K, reserved 1114112K
  class space    used 6492K, committed 6592K, reserved 1048576K
}

