# JRE version: OpenJDK Runtime Environment (17.0.10) (build 17.0.10+0--11609105)
# Java VM: OpenJDK 64-Bit Server VM (17.0.10+0--11609105, mixed mode, tiered, compressed oops, compressed class ptrs, g1 gc, windows-amd64)
GC Precious Log:
 CPUs: 12 total, 12 available
 Memory: 7885M
 Large Page Support: Disabled
 NUMA Support: Disabled
 Compressed Oops: Enabled (32-bit)
 Heap Region Size: 1M
 Heap Min Capacity: 8M
 Heap Initial Capacity: 124M
 Heap Max Capacity: 2G
 Pre-touch: Disabled
 Parallel Workers: 10
 Concurrent Workers: 3
 Concurrent Refinement Workers: 10
 Periodic GC: Disabled
Heap:
 garbage-first heap   total 396288K, used 317053K [0x0000000080000000, 0x0000000100000000)
  region size 1024K, 7 young (7168K), 5 survivors (5120K)
 Metaspace       used 169604K, committed 171200K, reserved 1245184K
  class space    used 23585K, committed 24320K, reserved 1048576K
GC Heap History (20 events):
Event: 107.753 GC heap before
{Heap before GC invocations=71 (full 0):
 garbage-first heap   total 396288K, used 323189K [0x0000000080000000, 0x0000000100000000)
  region size 1024K, 116 young (118784K), 7 survivors (7168K)
 Metaspace       used 157181K, committed 158400K, reserved 1245184K
  class space    used 22231K, committed 22784K, reserved 1048576K
}
Event: 107.759 GC heap after
{Heap after GC invocations=72 (full 0):
 garbage-first heap   total 396288K, used 215415K [0x0000000080000000, 0x0000000100000000)
  region size 1024K, 10 young (10240K), 10 survivors (10240K)
 Metaspace       used 157181K, committed 158400K, reserved 1245184K
  class space    used 22231K, committed 22784K, reserved 1048576K
}
Event: 109.235 GC heap before
{Heap before GC invocations=72 (full 0):
 garbage-first heap   total 396288K, used 327031K [0x0000000080000000, 0x0000000100000000)
  region size 1024K, 119 young (121856K), 10 survivors (10240K)
 Metaspace       used 157181K, committed 158400K, reserved 1245184K
  class space    used 22231K, committed 22784K, reserved 1048576K
}
Event: 109.251 GC heap after
{Heap after GC invocations=73 (full 0):
 garbage-first heap   total 396288K, used 219418K [0x0000000080000000, 0x0000000100000000)
  region size 1024K, 11 young (11264K), 11 survivors (11264K)
 Metaspace       used 157181K, committed 158400K, reserved 1245184K
  class space    used 22231K, committed 22784K, reserved 1048576K
}
Event: 110.219 GC heap before
{Heap before GC invocations=73 (full 0):
 garbage-first heap   total 396288K, used 328986K [0x0000000080000000, 0x0000000100000000)
  region size 1024K, 118 young (120832K), 11 survivors (11264K)
 Metaspace       used 157181K, committed 158400K, reserved 1245184K
  class space    used 22231K, committed 22784K, reserved 1048576K
}
Event: 110.234 GC heap after
{Heap after GC invocations=74 (full 0):
 garbage-first heap   total 396288K, used 223485K [0x0000000080000000, 0x0000000100000000)
  region size 1024K, 11 young (11264K), 11 survivors (11264K)
 Metaspace       used 157181K, committed 158400K, reserved 1245184K
  class space    used 22231K, committed 22784K, reserved 1048576K
}
Event: 111.010 GC heap before
{Heap before GC invocations=74 (full 0):
 garbage-first heap   total 396288K, used 331005K [0x0000000080000000, 0x0000000100000000)
  region size 1024K, 116 young (118784K), 11 survivors (11264K)
 Metaspace       used 157181K, committed 158400K, reserved 1245184K
  class space    used 22231K, committed 22784K, reserved 1048576K
}
Event: 111.022 GC heap after
{Heap after GC invocations=75 (full 0):
 garbage-first heap   total 396288K, used 227059K [0x0000000080000000, 0x0000000100000000)
  region size 1024K, 10 young (10240K), 10 survivors (10240K)
 Metaspace       used 157181K, committed 158400K, reserved 1245184K
  class space    used 22231K, committed 22784K, reserved 1048576K
}
Event: 111.804 GC heap before
{Heap before GC invocations=75 (full 0):
 garbage-first heap   total 396288K, used 333555K [0x0000000080000000, 0x0000000100000000)
  region size 1024K, 114 young (116736K), 10 survivors (10240K)
 Metaspace       used 157181K, committed 158400K, reserved 1245184K
  class space    used 22231K, committed 22784K, reserved 1048576K
}
Event: 111.819 GC heap after
{Heap after GC invocations=76 (full 0):
 garbage-first heap   total 396288K, used 230030K [0x0000000080000000, 0x0000000100000000)
  region size 1024K, 10 young (10240K), 10 survivors (10240K)
 Metaspace       used 157181K, committed 158400K, reserved 1245184K
  class space    used 22231K, committed 22784K, reserved 1048576K
}
Event: 113.530 GC heap before
{Heap before GC invocations=76 (full 0):
 garbage-first heap   total 396288K, used 335502K [0x0000000080000000, 0x0000000100000000)
  region size 1024K, 112 young (114688K), 10 survivors (10240K)
 Metaspace       used 162949K, committed 164224K, reserved 1245184K
  class space    used 22877K, committed 23488K, reserved 1048576K
}
Event: 113.547 GC heap after
{Heap after GC invocations=77 (full 0):
 garbage-first heap   total 396288K, used 235169K [0x0000000080000000, 0x0000000100000000)
  region size 1024K, 11 young (11264K), 11 survivors (11264K)
 Metaspace       used 162949K, committed 164224K, reserved 1245184K
  class space    used 22877K, committed 23488K, reserved 1048576K
}
Event: 115.366 GC heap before
{Heap before GC invocations=77 (full 0):
 garbage-first heap   total 396288K, used 333473K [0x0000000080000000, 0x0000000100000000)
  region size 1024K, 108 young (110592K), 11 survivors (11264K)
 Metaspace       used 165368K, committed 166720K, reserved 1245184K
  class space    used 23183K, committed 23808K, reserved 1048576K
}
Event: 115.391 GC heap after
{Heap after GC invocations=78 (full 0):
 garbage-first heap   total 396288K, used 243111K [0x0000000080000000, 0x0000000100000000)
  region size 1024K, 11 young (11264K), 11 survivors (11264K)
 Metaspace       used 165368K, committed 166720K, reserved 1245184K
  class space    used 23183K, committed 23808K, reserved 1048576K
}
Event: 238.246 GC heap before
{Heap before GC invocations=78 (full 0):
 garbage-first heap   total 396288K, used 332199K [0x0000000080000000, 0x0000000100000000)
  region size 1024K, 98 young (100352K), 11 survivors (11264K)
 Metaspace       used 166565K, committed 167872K, reserved 1245184K
  class space    used 23288K, committed 23936K, reserved 1048576K
}
Event: 238.320 GC heap after
{Heap after GC invocations=79 (full 0):
 garbage-first heap   total 396288K, used 250355K [0x0000000080000000, 0x0000000100000000)
  region size 1024K, 8 young (8192K), 8 survivors (8192K)
 Metaspace       used 166565K, committed 167872K, reserved 1245184K
  class space    used 23288K, committed 23936K, reserved 1048576K
}
Event: 242.913 GC heap before
{Heap before GC invocations=79 (full 0):
 garbage-first heap   total 396288K, used 332275K [0x0000000080000000, 0x0000000100000000)
  region size 1024K, 89 young (91136K), 8 survivors (8192K)
 Metaspace       used 169470K, committed 170880K, reserved 1245184K
  class space    used 23594K, committed 24256K, reserved 1048576K
}
Event: 242.939 GC heap after
{Heap after GC invocations=80 (full 0):
 garbage-first heap   total 396288K, used 259156K [0x0000000080000000, 0x0000000100000000)
  region size 1024K, 9 young (9216K), 9 survivors (9216K)
 Metaspace       used 169470K, committed 170880K, reserved 1245184K
  class space    used 23594K, committed 24256K, reserved 1048576K
}
Event: 243.719 GC heap before
{Heap before GC invocations=80 (full 0):
 garbage-first heap   total 396288K, used 326740K [0x0000000080000000, 0x0000000100000000)
  region size 1024K, 51 young (52224K), 9 survivors (9216K)
 Metaspace       used 169734K, committed 171200K, reserved 1245184K
  class space    used 23623K, committed 24320K, reserved 1048576K
}
Event: 243.749 GC heap after
{Heap after GC invocations=81 (full 0):
 garbage-first heap   total 396288K, used 286333K [0x0000000080000000, 0x0000000100000000)
  region size 1024K, 5 young (5120K), 5 survivors (5120K)
 Metaspace       used 169734K, committed 171200K, reserved 1245184K
  class space    used 23623K, committed 24320K, reserved 1048576K
}

